ERROR - 2023-01-30 16:07:03 --> mysqli_sql_exception: Table 'dawblogger_ci4.dbci4_news' doesn't exist in C:\Users\ByBlackDeath\Documents\Caparrella_DAW2\MP07\Codeigniter\DAWBlogger\vendor\codeigniter4\framework\system\Database\MySQLi\Connection.php:295
Stack trace:
#0 C:\Users\ByBlackDeath\Documents\Caparrella_DAW2\MP07\Codeigniter\DAWBlogger\vendor\codeigniter4\framework\system\Database\MySQLi\Connection.php(295): mysqli->query('SELECT *\nFROM `...', 0)
#1 C:\Users\ByBlackDeath\Documents\Caparrella_DAW2\MP07\Codeigniter\DAWBlogger\vendor\codeigniter4\framework\system\Database\BaseConnection.php(691): CodeIgniter\Database\MySQLi\Connection->execute('SELECT *\nFROM `...')
#2 C:\Users\ByBlackDeath\Documents\Caparrella_DAW2\MP07\Codeigniter\DAWBlogger\vendor\codeigniter4\framework\system\Database\BaseConnection.php(605): CodeIgniter\Database\BaseConnection->simpleQuery('SELECT *\nFROM `...')
#3 C:\Users\ByBlackDeath\Documents\Caparrella_DAW2\MP07\Codeigniter\DAWBlogger\vendor\codeigniter4\framework\system\Database\BaseBuilder.php(1602): CodeIgniter\Database\BaseConnection->query('SELECT *\nFROM `...', Array, false)
#4 C:\Users\ByBlackDeath\Documents\Caparrella_DAW2\MP07\Codeigniter\DAWBlogger\vendor\codeigniter4\framework\system\Model.php(240): CodeIgniter\Database\BaseBuilder->get()
#5 C:\Users\ByBlackDeath\Documents\Caparrella_DAW2\MP07\Codeigniter\DAWBlogger\vendor\codeigniter4\framework\system\BaseModel.php(618): CodeIgniter\Model->doFindAll(0, 0)
#6 C:\Users\ByBlackDeath\Documents\Caparrella_DAW2\MP07\Codeigniter\DAWBlogger\app\Models\NewsModel.php(47): CodeIgniter\BaseModel->findAll()
#7 C:\Users\ByBlackDeath\Documents\Caparrella_DAW2\MP07\Codeigniter\DAWBlogger\app\Controllers\NewsController.php(17): App\Models\NewsModel->getNews()
#8 C:\Users\ByBlackDeath\Documents\Caparrella_DAW2\MP07\Codeigniter\DAWBlogger\vendor\codeigniter4\framework\system\CodeIgniter.php(934): App\Controllers\NewsController->index()
#9 C:\Users\ByBlackDeath\Documents\Caparrella_DAW2\MP07\Codeigniter\DAWBlogger\vendor\codeigniter4\framework\system\CodeIgniter.php(499): CodeIgniter\CodeIgniter->runController(Object(App\Controllers\NewsController))
#10 C:\Users\ByBlackDeath\Documents\Caparrella_DAW2\MP07\Codeigniter\DAWBlogger\vendor\codeigniter4\framework\system\CodeIgniter.php(368): CodeIgniter\CodeIgniter->handleRequest(NULL, Object(Config\Cache), false)
#11 C:\Users\ByBlackDeath\Documents\Caparrella_DAW2\MP07\Codeigniter\DAWBlogger\public\index.php(67): CodeIgniter\CodeIgniter->run()
#12 C:\Users\ByBlackDeath\Documents\Caparrella_DAW2\MP07\Codeigniter\DAWBlogger\vendor\codeigniter4\framework\system\Commands\Server\rewrite.php(47): require_once('C:\\Users\\ByBlac...')
#13 {main}
CRITICAL - 2023-01-30 16:07:03 --> Table 'dawblogger_ci4.dbci4_news' doesn't exist
in SYSTEMPATH\Database\BaseConnection.php on line 645.
 1 SYSTEMPATH\Database\BaseBuilder.php(1602): CodeIgniter\Database\BaseConnection->query('SELECT *
FROM `dbci4_news`', [], false)
 2 SYSTEMPATH\Model.php(240): CodeIgniter\Database\BaseBuilder->get()
 3 SYSTEMPATH\BaseModel.php(618): CodeIgniter\Model->doFindAll(0, 0)
 4 APPPATH\Models\NewsModel.php(47): CodeIgniter\BaseModel->findAll()
 5 APPPATH\Controllers\NewsController.php(17): App\Models\NewsModel->getNews()
 6 SYSTEMPATH\CodeIgniter.php(934): App\Controllers\NewsController->index()
 7 SYSTEMPATH\CodeIgniter.php(499): CodeIgniter\CodeIgniter->runController(Object(App\Controllers\NewsController))
 8 SYSTEMPATH\CodeIgniter.php(368): CodeIgniter\CodeIgniter->handleRequest(null, Object(Config\Cache), false)
 9 FCPATH\index.php(67): CodeIgniter\CodeIgniter->run()
10 SYSTEMPATH\Commands\Server\rewrite.php(47): require_once('FCPATH\\index.php')
CRITICAL - 2023-01-30 16:11:14 --> Invalid file: "templates/header.php"
in SYSTEMPATH\Exceptions\FrameworkException.php on line 33.
 1 SYSTEMPATH\View\View.php(201): CodeIgniter\Exceptions\FrameworkException::forInvalidFile('templates/header.php')
 2 SYSTEMPATH\Common.php(1177): CodeIgniter\View\View->render('templates/header', [], true)
 3 APPPATH\Controllers\NewsController.php(21): view('templates/header', [...])
 4 SYSTEMPATH\CodeIgniter.php(934): App\Controllers\NewsController->index()
 5 SYSTEMPATH\CodeIgniter.php(499): CodeIgniter\CodeIgniter->runController(Object(App\Controllers\NewsController))
 6 SYSTEMPATH\CodeIgniter.php(368): CodeIgniter\CodeIgniter->handleRequest(null, Object(Config\Cache), false)
 7 FCPATH\index.php(67): CodeIgniter\CodeIgniter->run()
 8 SYSTEMPATH\Commands\Server\rewrite.php(47): require_once('FCPATH\\index.php')
CRITICAL - 2023-01-30 16:11:16 --> Invalid file: "templates/header.php"
in SYSTEMPATH\Exceptions\FrameworkException.php on line 33.
 1 SYSTEMPATH\View\View.php(201): CodeIgniter\Exceptions\FrameworkException::forInvalidFile('templates/header.php')
 2 SYSTEMPATH\Common.php(1177): CodeIgniter\View\View->render('templates/header', [], true)
 3 APPPATH\Controllers\NewsController.php(21): view('templates/header', [...])
 4 SYSTEMPATH\CodeIgniter.php(934): App\Controllers\NewsController->index()
 5 SYSTEMPATH\CodeIgniter.php(499): CodeIgniter\CodeIgniter->runController(Object(App\Controllers\NewsController))
 6 SYSTEMPATH\CodeIgniter.php(368): CodeIgniter\CodeIgniter->handleRequest(null, Object(Config\Cache), false)
 7 FCPATH\index.php(67): CodeIgniter\CodeIgniter->run()
 8 SYSTEMPATH\Commands\Server\rewrite.php(47): require_once('FCPATH\\index.php')
CRITICAL - 2023-01-30 16:47:18 --> Undefined array key "title"
in APPPATH\Views\news\index.php on line 9.
 1 APPPATH\Views\news\index.php(9): CodeIgniter\Debug\Exceptions->errorHandler(2, 'Undefined array key "title"', 'APPPATH\\Views\\news\\index.php', 9)
 2 SYSTEMPATH\View\View.php(213): include('APPPATH\\Views\\news\\index.php')
 3 SYSTEMPATH\View\View.php(216): CodeIgniter\View\View->CodeIgniter\View\{closure}()
 4 SYSTEMPATH\Common.php(1177): CodeIgniter\View\View->render('news/index', [], true)
 5 APPPATH\Controllers\NewsController.php(22): view('news/index')
 6 SYSTEMPATH\CodeIgniter.php(934): App\Controllers\NewsController->index()
 7 SYSTEMPATH\CodeIgniter.php(499): CodeIgniter\CodeIgniter->runController(Object(App\Controllers\NewsController))
 8 SYSTEMPATH\CodeIgniter.php(368): CodeIgniter\CodeIgniter->handleRequest(null, Object(Config\Cache), false)
 9 FCPATH\index.php(67): CodeIgniter\CodeIgniter->run()
10 SYSTEMPATH\Commands\Server\rewrite.php(47): require_once('FCPATH\\index.php')
CRITICAL - 2023-01-30 16:47:19 --> Undefined array key "title"
in APPPATH\Views\news\index.php on line 9.
 1 APPPATH\Views\news\index.php(9): CodeIgniter\Debug\Exceptions->errorHandler(2, 'Undefined array key "title"', 'APPPATH\\Views\\news\\index.php', 9)
 2 SYSTEMPATH\View\View.php(213): include('APPPATH\\Views\\news\\index.php')
 3 SYSTEMPATH\View\View.php(216): CodeIgniter\View\View->CodeIgniter\View\{closure}()
 4 SYSTEMPATH\Common.php(1177): CodeIgniter\View\View->render('news/index', [], true)
 5 APPPATH\Controllers\NewsController.php(22): view('news/index')
 6 SYSTEMPATH\CodeIgniter.php(934): App\Controllers\NewsController->index()
 7 SYSTEMPATH\CodeIgniter.php(499): CodeIgniter\CodeIgniter->runController(Object(App\Controllers\NewsController))
 8 SYSTEMPATH\CodeIgniter.php(368): CodeIgniter\CodeIgniter->handleRequest(null, Object(Config\Cache), false)
 9 FCPATH\index.php(67): CodeIgniter\CodeIgniter->run()
10 SYSTEMPATH\Commands\Server\rewrite.php(47): require_once('FCPATH\\index.php')
