CRITICAL - 2023-02-21 15:36:58 --> Too few arguments to function App\Models\NewsModel::getAllPaged(), 2 passed in C:\Users\ByBlackDeath\Documents\Caparrella_DAW2\MP07\Codeigniter\DAWBlogger\app\Controllers\NewsController.php on line 57 and exactly 3 expected
in APPPATH\Models\NewsModel.php on line 57.
 1 APPPATH\Controllers\NewsController.php(57): App\Models\NewsModel->getAllPaged(5, 'ROOTPATH\\public')
 2 SYSTEMPATH\CodeIgniter.php(934): App\Controllers\NewsController->index()
 3 SYSTEMPATH\CodeIgniter.php(499): CodeIgniter\CodeIgniter->runController(Object(App\Controllers\NewsController))
 4 SYSTEMPATH\CodeIgniter.php(368): CodeIgniter\CodeIgniter->handleRequest(null, Object(Config\Cache), false)
 5 FCPATH\index.php(67): CodeIgniter\CodeIgniter->run()
 6 SYSTEMPATH\Commands\Server\rewrite.php(47): require_once('FCPATH\\index.php')
INFO - 2023-02-21 15:39:06 --> Session: Class initialized using 'CodeIgniter\Session\Handlers\FileHandler' driver.
INFO - 2023-02-21 15:39:13 --> CSRF token verified.
INFO - 2023-02-21 15:39:13 --> Session: Class initialized using 'CodeIgniter\Session\Handlers\FileHandler' driver.
INFO - 2023-02-21 15:39:17 --> Session: Class initialized using 'CodeIgniter\Session\Handlers\FileHandler' driver.
INFO - 2023-02-21 15:39:26 --> CSRF token verified.
INFO - 2023-02-21 15:39:26 --> Session: Class initialized using 'CodeIgniter\Session\Handlers\FileHandler' driver.
CRITICAL - 2023-02-21 15:54:48 --> Too few arguments to function App\Controllers\NewsController::search(), 0 passed in C:\Users\ByBlackDeath\Documents\Caparrella_DAW2\MP07\Codeigniter\DAWBlogger\vendor\codeigniter4\framework\system\CodeIgniter.php on line 934 and exactly 4 expected
in APPPATH\Controllers\NewsController.php on line 190.
 1 SYSTEMPATH\CodeIgniter.php(934): App\Controllers\NewsController->search()
 2 SYSTEMPATH\CodeIgniter.php(499): CodeIgniter\CodeIgniter->runController(Object(App\Controllers\NewsController))
 3 SYSTEMPATH\CodeIgniter.php(368): CodeIgniter\CodeIgniter->handleRequest(null, Object(Config\Cache), false)
 4 FCPATH\index.php(67): CodeIgniter\CodeIgniter->run()
 5 SYSTEMPATH\Commands\Server\rewrite.php(47): require_once('FCPATH\\index.php')
CRITICAL - 2023-02-21 15:54:57 --> Too few arguments to function App\Controllers\NewsController::search(), 0 passed in C:\Users\ByBlackDeath\Documents\Caparrella_DAW2\MP07\Codeigniter\DAWBlogger\vendor\codeigniter4\framework\system\CodeIgniter.php on line 934 and exactly 4 expected
in APPPATH\Controllers\NewsController.php on line 190.
 1 SYSTEMPATH\CodeIgniter.php(934): App\Controllers\NewsController->search()
 2 SYSTEMPATH\CodeIgniter.php(499): CodeIgniter\CodeIgniter->runController(Object(App\Controllers\NewsController))
 3 SYSTEMPATH\CodeIgniter.php(368): CodeIgniter\CodeIgniter->handleRequest(null, Object(Config\Cache), false)
 4 FCPATH\index.php(67): CodeIgniter\CodeIgniter->run()
 5 SYSTEMPATH\Commands\Server\rewrite.php(47): require_once('FCPATH\\index.php')
CRITICAL - 2023-02-21 16:13:46 --> Undefined array key "order"
in APPPATH\Controllers\NewsController.php on line 26.
 1 APPPATH\Controllers\NewsController.php(26): CodeIgniter\Debug\Exceptions->errorHandler(2, 'Undefined array key "order"', 'APPPATH\\Controllers\\NewsController.php', 26)
 2 SYSTEMPATH\CodeIgniter.php(934): App\Controllers\NewsController->index()
 3 SYSTEMPATH\CodeIgniter.php(499): CodeIgniter\CodeIgniter->runController(Object(App\Controllers\NewsController))
 4 SYSTEMPATH\CodeIgniter.php(368): CodeIgniter\CodeIgniter->handleRequest(null, Object(Config\Cache), false)
 5 FCPATH\index.php(67): CodeIgniter\CodeIgniter->run()
 6 SYSTEMPATH\Commands\Server\rewrite.php(47): require_once('FCPATH\\index.php')
CRITICAL - 2023-02-21 16:13:48 --> Undefined array key "order"
in APPPATH\Controllers\NewsController.php on line 26.
 1 APPPATH\Controllers\NewsController.php(26): CodeIgniter\Debug\Exceptions->errorHandler(2, 'Undefined array key "order"', 'APPPATH\\Controllers\\NewsController.php', 26)
 2 SYSTEMPATH\CodeIgniter.php(934): App\Controllers\NewsController->index()
 3 SYSTEMPATH\CodeIgniter.php(499): CodeIgniter\CodeIgniter->runController(Object(App\Controllers\NewsController))
 4 SYSTEMPATH\CodeIgniter.php(368): CodeIgniter\CodeIgniter->handleRequest(null, Object(Config\Cache), false)
 5 FCPATH\index.php(67): CodeIgniter\CodeIgniter->run()
 6 SYSTEMPATH\Commands\Server\rewrite.php(47): require_once('FCPATH\\index.php')
CRITICAL - 2023-02-21 16:17:51 --> syntax error, unexpected token ";"
in APPPATH\Views\news\index.php on line 35.
 1 SYSTEMPATH\View\View.php(216): CodeIgniter\View\View->CodeIgniter\View\{closure}()
 2 SYSTEMPATH\Common.php(1177): CodeIgniter\View\View->render('news/index', [], true)
 3 APPPATH\Controllers\NewsController.php(109): view('news/index', [...])
 4 SYSTEMPATH\CodeIgniter.php(934): App\Controllers\NewsController->index()
 5 SYSTEMPATH\CodeIgniter.php(499): CodeIgniter\CodeIgniter->runController(Object(App\Controllers\NewsController))
 6 SYSTEMPATH\CodeIgniter.php(368): CodeIgniter\CodeIgniter->handleRequest(null, Object(Config\Cache), false)
 7 FCPATH\index.php(67): CodeIgniter\CodeIgniter->run()
 8 SYSTEMPATH\Commands\Server\rewrite.php(47): require_once('FCPATH\\index.php')
CRITICAL - 2023-02-21 16:17:57 --> Undefined variable $order
in APPPATH\Views\news\index.php on line 14.
 1 APPPATH\Views\news\index.php(14): CodeIgniter\Debug\Exceptions->errorHandler(2, 'Undefined variable $order', 'APPPATH\\Views\\news\\index.php', 14)
 2 SYSTEMPATH\View\View.php(213): include('APPPATH\\Views\\news\\index.php')
 3 SYSTEMPATH\View\View.php(216): CodeIgniter\View\View->CodeIgniter\View\{closure}()
 4 SYSTEMPATH\Common.php(1177): CodeIgniter\View\View->render('news/index', [], true)
 5 APPPATH\Controllers\NewsController.php(109): view('news/index', [...])
 6 SYSTEMPATH\CodeIgniter.php(934): App\Controllers\NewsController->index()
 7 SYSTEMPATH\CodeIgniter.php(499): CodeIgniter\CodeIgniter->runController(Object(App\Controllers\NewsController))
 8 SYSTEMPATH\CodeIgniter.php(368): CodeIgniter\CodeIgniter->handleRequest(null, Object(Config\Cache), false)
 9 FCPATH\index.php(67): CodeIgniter\CodeIgniter->run()
10 SYSTEMPATH\Commands\Server\rewrite.php(47): require_once('FCPATH\\index.php')
CRITICAL - 2023-02-21 16:17:59 --> Undefined variable $order
in APPPATH\Views\news\index.php on line 14.
 1 APPPATH\Views\news\index.php(14): CodeIgniter\Debug\Exceptions->errorHandler(2, 'Undefined variable $order', 'APPPATH\\Views\\news\\index.php', 14)
 2 SYSTEMPATH\View\View.php(213): include('APPPATH\\Views\\news\\index.php')
 3 SYSTEMPATH\View\View.php(216): CodeIgniter\View\View->CodeIgniter\View\{closure}()
 4 SYSTEMPATH\Common.php(1177): CodeIgniter\View\View->render('news/index', [], true)
 5 APPPATH\Controllers\NewsController.php(109): view('news/index', [...])
 6 SYSTEMPATH\CodeIgniter.php(934): App\Controllers\NewsController->index()
 7 SYSTEMPATH\CodeIgniter.php(499): CodeIgniter\CodeIgniter->runController(Object(App\Controllers\NewsController))
 8 SYSTEMPATH\CodeIgniter.php(368): CodeIgniter\CodeIgniter->handleRequest(null, Object(Config\Cache), false)
 9 FCPATH\index.php(67): CodeIgniter\CodeIgniter->run()
10 SYSTEMPATH\Commands\Server\rewrite.php(47): require_once('FCPATH\\index.php')
CRITICAL - 2023-02-21 16:18:16 --> Undefined array key "created_at"
in APPPATH\Views\news\index.php on line 25.
 1 APPPATH\Views\news\index.php(25): CodeIgniter\Debug\Exceptions->errorHandler(2, 'Undefined array key "created_at"', 'APPPATH\\Views\\news\\index.php', 25)
 2 SYSTEMPATH\View\View.php(213): include('APPPATH\\Views\\news\\index.php')
 3 SYSTEMPATH\View\View.php(216): CodeIgniter\View\View->CodeIgniter\View\{closure}()
 4 SYSTEMPATH\Common.php(1177): CodeIgniter\View\View->render('news/index', [], true)
 5 APPPATH\Controllers\NewsController.php(109): view('news/index', [...])
 6 SYSTEMPATH\CodeIgniter.php(934): App\Controllers\NewsController->index()
 7 SYSTEMPATH\CodeIgniter.php(499): CodeIgniter\CodeIgniter->runController(Object(App\Controllers\NewsController))
 8 SYSTEMPATH\CodeIgniter.php(368): CodeIgniter\CodeIgniter->handleRequest(null, Object(Config\Cache), false)
 9 FCPATH\index.php(67): CodeIgniter\CodeIgniter->run()
10 SYSTEMPATH\Commands\Server\rewrite.php(47): require_once('FCPATH\\index.php')
CRITICAL - 2023-02-21 16:18:18 --> Undefined array key "created_at"
in APPPATH\Views\news\index.php on line 25.
 1 APPPATH\Views\news\index.php(25): CodeIgniter\Debug\Exceptions->errorHandler(2, 'Undefined array key "created_at"', 'APPPATH\\Views\\news\\index.php', 25)
 2 SYSTEMPATH\View\View.php(213): include('APPPATH\\Views\\news\\index.php')
 3 SYSTEMPATH\View\View.php(216): CodeIgniter\View\View->CodeIgniter\View\{closure}()
 4 SYSTEMPATH\Common.php(1177): CodeIgniter\View\View->render('news/index', [], true)
 5 APPPATH\Controllers\NewsController.php(109): view('news/index', [...])
 6 SYSTEMPATH\CodeIgniter.php(934): App\Controllers\NewsController->index()
 7 SYSTEMPATH\CodeIgniter.php(499): CodeIgniter\CodeIgniter->runController(Object(App\Controllers\NewsController))
 8 SYSTEMPATH\CodeIgniter.php(368): CodeIgniter\CodeIgniter->handleRequest(null, Object(Config\Cache), false)
 9 FCPATH\index.php(67): CodeIgniter\CodeIgniter->run()
10 SYSTEMPATH\Commands\Server\rewrite.php(47): require_once('FCPATH\\index.php')
CRITICAL - 2023-02-21 16:21:09 --> Undefined variable $search
in APPPATH\Views\news\index.php on line 6.
 1 APPPATH\Views\news\index.php(6): CodeIgniter\Debug\Exceptions->errorHandler(2, 'Undefined variable $search', 'APPPATH\\Views\\news\\index.php', 6)
 2 SYSTEMPATH\View\View.php(213): include('APPPATH\\Views\\news\\index.php')
 3 SYSTEMPATH\View\View.php(216): CodeIgniter\View\View->CodeIgniter\View\{closure}()
 4 SYSTEMPATH\Common.php(1177): CodeIgniter\View\View->render('news/index', [], true)
 5 APPPATH\Controllers\NewsController.php(229): view('news/index', [...])
 6 SYSTEMPATH\CodeIgniter.php(934): App\Controllers\NewsController->order('body', 'desc', 'body', 'desc')
 7 SYSTEMPATH\CodeIgniter.php(499): CodeIgniter\CodeIgniter->runController(Object(App\Controllers\NewsController))
 8 SYSTEMPATH\CodeIgniter.php(368): CodeIgniter\CodeIgniter->handleRequest(null, Object(Config\Cache), false)
 9 FCPATH\index.php(67): CodeIgniter\CodeIgniter->run()
10 SYSTEMPATH\Commands\Server\rewrite.php(47): require_once('FCPATH\\index.php')
CRITICAL - 2023-02-21 16:21:10 --> Undefined variable $search
in APPPATH\Views\news\index.php on line 6.
 1 APPPATH\Views\news\index.php(6): CodeIgniter\Debug\Exceptions->errorHandler(2, 'Undefined variable $search', 'APPPATH\\Views\\news\\index.php', 6)
 2 SYSTEMPATH\View\View.php(213): include('APPPATH\\Views\\news\\index.php')
 3 SYSTEMPATH\View\View.php(216): CodeIgniter\View\View->CodeIgniter\View\{closure}()
 4 SYSTEMPATH\Common.php(1177): CodeIgniter\View\View->render('news/index', [], true)
 5 APPPATH\Controllers\NewsController.php(229): view('news/index', [...])
 6 SYSTEMPATH\CodeIgniter.php(934): App\Controllers\NewsController->order('body', 'desc', 'body', 'desc')
 7 SYSTEMPATH\CodeIgniter.php(499): CodeIgniter\CodeIgniter->runController(Object(App\Controllers\NewsController))
 8 SYSTEMPATH\CodeIgniter.php(368): CodeIgniter\CodeIgniter->handleRequest(null, Object(Config\Cache), false)
 9 FCPATH\index.php(67): CodeIgniter\CodeIgniter->run()
10 SYSTEMPATH\Commands\Server\rewrite.php(47): require_once('FCPATH\\index.php')
CRITICAL - 2023-02-21 16:25:19 --> Undefined variable $order
in APPPATH\Views\news\index.php on line 12.
 1 APPPATH\Views\news\index.php(12): CodeIgniter\Debug\Exceptions->errorHandler(2, 'Undefined variable $order', 'APPPATH\\Views\\news\\index.php', 12)
 2 SYSTEMPATH\View\View.php(213): include('APPPATH\\Views\\news\\index.php')
 3 SYSTEMPATH\View\View.php(216): CodeIgniter\View\View->CodeIgniter\View\{closure}()
 4 SYSTEMPATH\Common.php(1177): CodeIgniter\View\View->render('news/index', [], true)
 5 APPPATH\Controllers\NewsController.php(231): view('news/index', [...])
 6 SYSTEMPATH\CodeIgniter.php(934): App\Controllers\NewsController->order('body', 'asc', 'body', 'desc')
 7 SYSTEMPATH\CodeIgniter.php(499): CodeIgniter\CodeIgniter->runController(Object(App\Controllers\NewsController))
 8 SYSTEMPATH\CodeIgniter.php(368): CodeIgniter\CodeIgniter->handleRequest(null, Object(Config\Cache), false)
 9 FCPATH\index.php(67): CodeIgniter\CodeIgniter->run()
10 SYSTEMPATH\Commands\Server\rewrite.php(47): require_once('FCPATH\\index.php')
CRITICAL - 2023-02-21 16:25:21 --> Undefined variable $order
in APPPATH\Views\news\index.php on line 12.
 1 APPPATH\Views\news\index.php(12): CodeIgniter\Debug\Exceptions->errorHandler(2, 'Undefined variable $order', 'APPPATH\\Views\\news\\index.php', 12)
 2 SYSTEMPATH\View\View.php(213): include('APPPATH\\Views\\news\\index.php')
 3 SYSTEMPATH\View\View.php(216): CodeIgniter\View\View->CodeIgniter\View\{closure}()
 4 SYSTEMPATH\Common.php(1177): CodeIgniter\View\View->render('news/index', [], true)
 5 APPPATH\Controllers\NewsController.php(231): view('news/index', [...])
 6 SYSTEMPATH\CodeIgniter.php(934): App\Controllers\NewsController->order('body', 'asc', 'body', 'desc')
 7 SYSTEMPATH\CodeIgniter.php(499): CodeIgniter\CodeIgniter->runController(Object(App\Controllers\NewsController))
 8 SYSTEMPATH\CodeIgniter.php(368): CodeIgniter\CodeIgniter->handleRequest(null, Object(Config\Cache), false)
 9 FCPATH\index.php(67): CodeIgniter\CodeIgniter->run()
10 SYSTEMPATH\Commands\Server\rewrite.php(47): require_once('FCPATH\\index.php')
CRITICAL - 2023-02-21 16:25:30 --> Undefined variable $order
in APPPATH\Views\news\index.php on line 12.
 1 APPPATH\Views\news\index.php(12): CodeIgniter\Debug\Exceptions->errorHandler(2, 'Undefined variable $order', 'APPPATH\\Views\\news\\index.php', 12)
 2 SYSTEMPATH\View\View.php(213): include('APPPATH\\Views\\news\\index.php')
 3 SYSTEMPATH\View\View.php(216): CodeIgniter\View\View->CodeIgniter\View\{closure}()
 4 SYSTEMPATH\Common.php(1177): CodeIgniter\View\View->render('news/index', [], true)
 5 APPPATH\Controllers\NewsController.php(231): view('news/index', [...])
 6 SYSTEMPATH\CodeIgniter.php(934): App\Controllers\NewsController->order('body', 'asc', 'body', 'desc')
 7 SYSTEMPATH\CodeIgniter.php(499): CodeIgniter\CodeIgniter->runController(Object(App\Controllers\NewsController))
 8 SYSTEMPATH\CodeIgniter.php(368): CodeIgniter\CodeIgniter->handleRequest(null, Object(Config\Cache), false)
 9 FCPATH\index.php(67): CodeIgniter\CodeIgniter->run()
10 SYSTEMPATH\Commands\Server\rewrite.php(47): require_once('FCPATH\\index.php')
CRITICAL - 2023-02-21 16:25:32 --> Undefined variable $order
in APPPATH\Views\news\index.php on line 12.
 1 APPPATH\Views\news\index.php(12): CodeIgniter\Debug\Exceptions->errorHandler(2, 'Undefined variable $order', 'APPPATH\\Views\\news\\index.php', 12)
 2 SYSTEMPATH\View\View.php(213): include('APPPATH\\Views\\news\\index.php')
 3 SYSTEMPATH\View\View.php(216): CodeIgniter\View\View->CodeIgniter\View\{closure}()
 4 SYSTEMPATH\Common.php(1177): CodeIgniter\View\View->render('news/index', [], true)
 5 APPPATH\Controllers\NewsController.php(231): view('news/index', [...])
 6 SYSTEMPATH\CodeIgniter.php(934): App\Controllers\NewsController->order('body', 'asc', 'body', 'desc')
 7 SYSTEMPATH\CodeIgniter.php(499): CodeIgniter\CodeIgniter->runController(Object(App\Controllers\NewsController))
 8 SYSTEMPATH\CodeIgniter.php(368): CodeIgniter\CodeIgniter->handleRequest(null, Object(Config\Cache), false)
 9 FCPATH\index.php(67): CodeIgniter\CodeIgniter->run()
10 SYSTEMPATH\Commands\Server\rewrite.php(47): require_once('FCPATH\\index.php')
CRITICAL - 2023-02-21 16:27:53 --> Undefined variable $order
in APPPATH\Views\news\index.php on line 15.
 1 APPPATH\Views\news\index.php(15): CodeIgniter\Debug\Exceptions->errorHandler(2, 'Undefined variable $order', 'APPPATH\\Views\\news\\index.php', 15)
 2 SYSTEMPATH\View\View.php(213): include('APPPATH\\Views\\news\\index.php')
 3 SYSTEMPATH\View\View.php(216): CodeIgniter\View\View->CodeIgniter\View\{closure}()
 4 SYSTEMPATH\Common.php(1177): CodeIgniter\View\View->render('news/index', [], true)
 5 APPPATH\Controllers\NewsController.php(232): view('news/index', [...])
 6 SYSTEMPATH\CodeIgniter.php(934): App\Controllers\NewsController->order('body', 'asc', 'body', 'desc')
 7 SYSTEMPATH\CodeIgniter.php(499): CodeIgniter\CodeIgniter->runController(Object(App\Controllers\NewsController))
 8 SYSTEMPATH\CodeIgniter.php(368): CodeIgniter\CodeIgniter->handleRequest(null, Object(Config\Cache), false)
 9 FCPATH\index.php(67): CodeIgniter\CodeIgniter->run()
10 SYSTEMPATH\Commands\Server\rewrite.php(47): require_once('FCPATH\\index.php')
CRITICAL - 2023-02-21 16:28:03 --> Undefined variable $order
in APPPATH\Views\news\index.php on line 15.
 1 APPPATH\Views\news\index.php(15): CodeIgniter\Debug\Exceptions->errorHandler(2, 'Undefined variable $order', 'APPPATH\\Views\\news\\index.php', 15)
 2 SYSTEMPATH\View\View.php(213): include('APPPATH\\Views\\news\\index.php')
 3 SYSTEMPATH\View\View.php(216): CodeIgniter\View\View->CodeIgniter\View\{closure}()
 4 SYSTEMPATH\Common.php(1177): CodeIgniter\View\View->render('news/index', [], true)
 5 APPPATH\Controllers\NewsController.php(232): view('news/index', [...])
 6 SYSTEMPATH\CodeIgniter.php(934): App\Controllers\NewsController->order('body', 'asc', 'body', 'desc')
 7 SYSTEMPATH\CodeIgniter.php(499): CodeIgniter\CodeIgniter->runController(Object(App\Controllers\NewsController))
 8 SYSTEMPATH\CodeIgniter.php(368): CodeIgniter\CodeIgniter->handleRequest(null, Object(Config\Cache), false)
 9 FCPATH\index.php(67): CodeIgniter\CodeIgniter->run()
10 SYSTEMPATH\Commands\Server\rewrite.php(47): require_once('FCPATH\\index.php')
CRITICAL - 2023-02-21 16:28:04 --> Undefined variable $order
in APPPATH\Views\news\index.php on line 15.
 1 APPPATH\Views\news\index.php(15): CodeIgniter\Debug\Exceptions->errorHandler(2, 'Undefined variable $order', 'APPPATH\\Views\\news\\index.php', 15)
 2 SYSTEMPATH\View\View.php(213): include('APPPATH\\Views\\news\\index.php')
 3 SYSTEMPATH\View\View.php(216): CodeIgniter\View\View->CodeIgniter\View\{closure}()
 4 SYSTEMPATH\Common.php(1177): CodeIgniter\View\View->render('news/index', [], true)
 5 APPPATH\Controllers\NewsController.php(232): view('news/index', [...])
 6 SYSTEMPATH\CodeIgniter.php(934): App\Controllers\NewsController->order('body', 'asc', 'body', 'desc')
 7 SYSTEMPATH\CodeIgniter.php(499): CodeIgniter\CodeIgniter->runController(Object(App\Controllers\NewsController))
 8 SYSTEMPATH\CodeIgniter.php(368): CodeIgniter\CodeIgniter->handleRequest(null, Object(Config\Cache), false)
 9 FCPATH\index.php(67): CodeIgniter\CodeIgniter->run()
10 SYSTEMPATH\Commands\Server\rewrite.php(47): require_once('FCPATH\\index.php')
CRITICAL - 2023-02-21 16:29:41 --> Undefined variable $order
in APPPATH\Views\news\index.php on line 15.
 1 APPPATH\Views\news\index.php(15): CodeIgniter\Debug\Exceptions->errorHandler(2, 'Undefined variable $order', 'APPPATH\\Views\\news\\index.php', 15)
 2 SYSTEMPATH\View\View.php(213): include('APPPATH\\Views\\news\\index.php')
 3 SYSTEMPATH\View\View.php(216): CodeIgniter\View\View->CodeIgniter\View\{closure}()
 4 SYSTEMPATH\Common.php(1177): CodeIgniter\View\View->render('news/index', [], true)
 5 APPPATH\Controllers\NewsController.php(232): view('news/index', [...])
 6 SYSTEMPATH\CodeIgniter.php(934): App\Controllers\NewsController->order('body', 'asc', 'body', 'desc')
 7 SYSTEMPATH\CodeIgniter.php(499): CodeIgniter\CodeIgniter->runController(Object(App\Controllers\NewsController))
 8 SYSTEMPATH\CodeIgniter.php(368): CodeIgniter\CodeIgniter->handleRequest(null, Object(Config\Cache), false)
 9 FCPATH\index.php(67): CodeIgniter\CodeIgniter->run()
10 SYSTEMPATH\Commands\Server\rewrite.php(47): require_once('FCPATH\\index.php')
CRITICAL - 2023-02-21 16:30:01 --> Undefined variable $order
in APPPATH\Views\news\index.php on line 2.
 1 APPPATH\Views\news\index.php(2): CodeIgniter\Debug\Exceptions->errorHandler(2, 'Undefined variable $order', 'APPPATH\\Views\\news\\index.php', 2)
 2 SYSTEMPATH\View\View.php(213): include('APPPATH\\Views\\news\\index.php')
 3 SYSTEMPATH\View\View.php(216): CodeIgniter\View\View->CodeIgniter\View\{closure}()
 4 SYSTEMPATH\Common.php(1177): CodeIgniter\View\View->render('news/index', [], true)
 5 APPPATH\Controllers\NewsController.php(232): view('news/index', [...])
 6 SYSTEMPATH\CodeIgniter.php(934): App\Controllers\NewsController->order('body', 'asc', 'body', 'desc')
 7 SYSTEMPATH\CodeIgniter.php(499): CodeIgniter\CodeIgniter->runController(Object(App\Controllers\NewsController))
 8 SYSTEMPATH\CodeIgniter.php(368): CodeIgniter\CodeIgniter->handleRequest(null, Object(Config\Cache), false)
 9 FCPATH\index.php(67): CodeIgniter\CodeIgniter->run()
10 SYSTEMPATH\Commands\Server\rewrite.php(47): require_once('FCPATH\\index.php')
CRITICAL - 2023-02-21 16:30:03 --> Undefined variable $order
in APPPATH\Views\news\index.php on line 2.
 1 APPPATH\Views\news\index.php(2): CodeIgniter\Debug\Exceptions->errorHandler(2, 'Undefined variable $order', 'APPPATH\\Views\\news\\index.php', 2)
 2 SYSTEMPATH\View\View.php(213): include('APPPATH\\Views\\news\\index.php')
 3 SYSTEMPATH\View\View.php(216): CodeIgniter\View\View->CodeIgniter\View\{closure}()
 4 SYSTEMPATH\Common.php(1177): CodeIgniter\View\View->render('news/index', [], true)
 5 APPPATH\Controllers\NewsController.php(232): view('news/index', [...])
 6 SYSTEMPATH\CodeIgniter.php(934): App\Controllers\NewsController->order('body', 'asc', 'body', 'desc')
 7 SYSTEMPATH\CodeIgniter.php(499): CodeIgniter\CodeIgniter->runController(Object(App\Controllers\NewsController))
 8 SYSTEMPATH\CodeIgniter.php(368): CodeIgniter\CodeIgniter->handleRequest(null, Object(Config\Cache), false)
 9 FCPATH\index.php(67): CodeIgniter\CodeIgniter->run()
10 SYSTEMPATH\Commands\Server\rewrite.php(47): require_once('FCPATH\\index.php')
CRITICAL - 2023-02-21 16:30:17 --> Undefined variable $order
in APPPATH\Views\news\index.php on line 2.
 1 APPPATH\Views\news\index.php(2): CodeIgniter\Debug\Exceptions->errorHandler(2, 'Undefined variable $order', 'APPPATH\\Views\\news\\index.php', 2)
 2 SYSTEMPATH\View\View.php(213): include('APPPATH\\Views\\news\\index.php')
 3 SYSTEMPATH\View\View.php(216): CodeIgniter\View\View->CodeIgniter\View\{closure}()
 4 SYSTEMPATH\Common.php(1177): CodeIgniter\View\View->render('news/index', [], true)
 5 APPPATH\Controllers\NewsController.php(232): view('news/index', [...])
 6 SYSTEMPATH\CodeIgniter.php(934): App\Controllers\NewsController->order('body', 'asc', 'body', 'desc')
 7 SYSTEMPATH\CodeIgniter.php(499): CodeIgniter\CodeIgniter->runController(Object(App\Controllers\NewsController))
 8 SYSTEMPATH\CodeIgniter.php(368): CodeIgniter\CodeIgniter->handleRequest(null, Object(Config\Cache), false)
 9 FCPATH\index.php(67): CodeIgniter\CodeIgniter->run()
10 SYSTEMPATH\Commands\Server\rewrite.php(47): require_once('FCPATH\\index.php')
CRITICAL - 2023-02-21 16:30:18 --> Undefined variable $order
in APPPATH\Views\news\index.php on line 2.
 1 APPPATH\Views\news\index.php(2): CodeIgniter\Debug\Exceptions->errorHandler(2, 'Undefined variable $order', 'APPPATH\\Views\\news\\index.php', 2)
 2 SYSTEMPATH\View\View.php(213): include('APPPATH\\Views\\news\\index.php')
 3 SYSTEMPATH\View\View.php(216): CodeIgniter\View\View->CodeIgniter\View\{closure}()
 4 SYSTEMPATH\Common.php(1177): CodeIgniter\View\View->render('news/index', [], true)
 5 APPPATH\Controllers\NewsController.php(232): view('news/index', [...])
 6 SYSTEMPATH\CodeIgniter.php(934): App\Controllers\NewsController->order('body', 'asc', 'body', 'desc')
 7 SYSTEMPATH\CodeIgniter.php(499): CodeIgniter\CodeIgniter->runController(Object(App\Controllers\NewsController))
 8 SYSTEMPATH\CodeIgniter.php(368): CodeIgniter\CodeIgniter->handleRequest(null, Object(Config\Cache), false)
 9 FCPATH\index.php(67): CodeIgniter\CodeIgniter->run()
10 SYSTEMPATH\Commands\Server\rewrite.php(47): require_once('FCPATH\\index.php')
CRITICAL - 2023-02-21 16:35:18 --> Undefined variable $order
in APPPATH\Views\news\index.php on line 15.
 1 APPPATH\Views\news\index.php(15): CodeIgniter\Debug\Exceptions->errorHandler(2, 'Undefined variable $order', 'APPPATH\\Views\\news\\index.php', 15)
 2 SYSTEMPATH\View\View.php(213): include('APPPATH\\Views\\news\\index.php')
 3 SYSTEMPATH\View\View.php(216): CodeIgniter\View\View->CodeIgniter\View\{closure}()
 4 SYSTEMPATH\Common.php(1177): CodeIgniter\View\View->render('news/index', [], true)
 5 APPPATH\Controllers\NewsController.php(68): view('news/index', [...])
 6 SYSTEMPATH\CodeIgniter.php(934): App\Controllers\NewsController->index()
 7 SYSTEMPATH\CodeIgniter.php(499): CodeIgniter\CodeIgniter->runController(Object(App\Controllers\NewsController))
 8 SYSTEMPATH\CodeIgniter.php(368): CodeIgniter\CodeIgniter->handleRequest(null, Object(Config\Cache), false)
 9 FCPATH\index.php(67): CodeIgniter\CodeIgniter->run()
10 SYSTEMPATH\Commands\Server\rewrite.php(47): require_once('FCPATH\\index.php')
CRITICAL - 2023-02-21 16:45:04 --> Undefined variable $last_order_by
in APPPATH\Views\news\index.php on line 4.
 1 APPPATH\Views\news\index.php(4): CodeIgniter\Debug\Exceptions->errorHandler(2, 'Undefined variable $last_order_by', 'APPPATH\\Views\\news\\index.php', 4)
 2 SYSTEMPATH\View\View.php(213): include('APPPATH\\Views\\news\\index.php')
 3 SYSTEMPATH\View\View.php(216): CodeIgniter\View\View->CodeIgniter\View\{closure}()
 4 SYSTEMPATH\Common.php(1177): CodeIgniter\View\View->render('news/index', [], true)
 5 APPPATH\Controllers\NewsController.php(70): view('news/index', [...])
 6 SYSTEMPATH\CodeIgniter.php(934): App\Controllers\NewsController->index('body', 'desc', 'body', 'asc')
 7 SYSTEMPATH\CodeIgniter.php(499): CodeIgniter\CodeIgniter->runController(Object(App\Controllers\NewsController))
 8 SYSTEMPATH\CodeIgniter.php(368): CodeIgniter\CodeIgniter->handleRequest(null, Object(Config\Cache), false)
 9 FCPATH\index.php(67): CodeIgniter\CodeIgniter->run()
10 SYSTEMPATH\Commands\Server\rewrite.php(47): require_once('FCPATH\\index.php')
CRITICAL - 2023-02-21 16:45:08 --> Undefined variable $last_order_by
in APPPATH\Views\news\index.php on line 4.
 1 APPPATH\Views\news\index.php(4): CodeIgniter\Debug\Exceptions->errorHandler(2, 'Undefined variable $last_order_by', 'APPPATH\\Views\\news\\index.php', 4)
 2 SYSTEMPATH\View\View.php(213): include('APPPATH\\Views\\news\\index.php')
 3 SYSTEMPATH\View\View.php(216): CodeIgniter\View\View->CodeIgniter\View\{closure}()
 4 SYSTEMPATH\Common.php(1177): CodeIgniter\View\View->render('news/index', [], true)
 5 APPPATH\Controllers\NewsController.php(70): view('news/index', [...])
 6 SYSTEMPATH\CodeIgniter.php(934): App\Controllers\NewsController->index('body', 'desc', 'body', 'asc')
 7 SYSTEMPATH\CodeIgniter.php(499): CodeIgniter\CodeIgniter->runController(Object(App\Controllers\NewsController))
 8 SYSTEMPATH\CodeIgniter.php(368): CodeIgniter\CodeIgniter->handleRequest(null, Object(Config\Cache), false)
 9 FCPATH\index.php(67): CodeIgniter\CodeIgniter->run()
10 SYSTEMPATH\Commands\Server\rewrite.php(47): require_once('FCPATH\\index.php')
CRITICAL - 2023-02-21 16:45:13 --> Undefined variable $last_order_by
in APPPATH\Views\news\index.php on line 4.
 1 APPPATH\Views\news\index.php(4): CodeIgniter\Debug\Exceptions->errorHandler(2, 'Undefined variable $last_order_by', 'APPPATH\\Views\\news\\index.php', 4)
 2 SYSTEMPATH\View\View.php(213): include('APPPATH\\Views\\news\\index.php')
 3 SYSTEMPATH\View\View.php(216): CodeIgniter\View\View->CodeIgniter\View\{closure}()
 4 SYSTEMPATH\Common.php(1177): CodeIgniter\View\View->render('news/index', [], true)
 5 APPPATH\Controllers\NewsController.php(70): view('news/index', [...])
 6 SYSTEMPATH\CodeIgniter.php(934): App\Controllers\NewsController->index('body', 'desc', 'body', 'asc')
 7 SYSTEMPATH\CodeIgniter.php(499): CodeIgniter\CodeIgniter->runController(Object(App\Controllers\NewsController))
 8 SYSTEMPATH\CodeIgniter.php(368): CodeIgniter\CodeIgniter->handleRequest(null, Object(Config\Cache), false)
 9 FCPATH\index.php(67): CodeIgniter\CodeIgniter->run()
10 SYSTEMPATH\Commands\Server\rewrite.php(47): require_once('FCPATH\\index.php')
CRITICAL - 2023-02-21 16:54:48 --> Unparenthesized `a ? b : c ? d : e` is not supported. Use either `(a ? b : c) ? d : e` or `a ? b : (c ? d : e)`
in APPPATH\Controllers\NewsController.php on line 63.
 1 [internal function]: CodeIgniter\Debug\Exceptions->shutdownHandler()
CRITICAL - 2023-02-21 16:54:49 --> Unparenthesized `a ? b : c ? d : e` is not supported. Use either `(a ? b : c) ? d : e` or `a ? b : (c ? d : e)`
in APPPATH\Controllers\NewsController.php on line 63.
 1 [internal function]: CodeIgniter\Debug\Exceptions->shutdownHandler()
CRITICAL - 2023-02-21 17:02:42 --> Undefined variable $sort_icon
in APPPATH\Controllers\NewsController.php on line 47.
 1 APPPATH\Controllers\NewsController.php(47): CodeIgniter\Debug\Exceptions->errorHandler(2, 'Undefined variable $sort_icon', 'APPPATH\\Controllers\\NewsController.php', 47)
 2 SYSTEMPATH\CodeIgniter.php(934): App\Controllers\NewsController->index('id', 'bi bi-arrow-down', 'id', 'bi bi-arrow-up')
 3 SYSTEMPATH\CodeIgniter.php(499): CodeIgniter\CodeIgniter->runController(Object(App\Controllers\NewsController))
 4 SYSTEMPATH\CodeIgniter.php(368): CodeIgniter\CodeIgniter->handleRequest(null, Object(Config\Cache), false)
 5 FCPATH\index.php(67): CodeIgniter\CodeIgniter->run()
 6 SYSTEMPATH\Commands\Server\rewrite.php(47): require_once('FCPATH\\index.php')
CRITICAL - 2023-02-21 17:02:43 --> Undefined variable $sort_icon
in APPPATH\Controllers\NewsController.php on line 47.
 1 APPPATH\Controllers\NewsController.php(47): CodeIgniter\Debug\Exceptions->errorHandler(2, 'Undefined variable $sort_icon', 'APPPATH\\Controllers\\NewsController.php', 47)
 2 SYSTEMPATH\CodeIgniter.php(934): App\Controllers\NewsController->index('id', 'bi bi-arrow-down', 'id', 'bi bi-arrow-up')
 3 SYSTEMPATH\CodeIgniter.php(499): CodeIgniter\CodeIgniter->runController(Object(App\Controllers\NewsController))
 4 SYSTEMPATH\CodeIgniter.php(368): CodeIgniter\CodeIgniter->handleRequest(null, Object(Config\Cache), false)
 5 FCPATH\index.php(67): CodeIgniter\CodeIgniter->run()
 6 SYSTEMPATH\Commands\Server\rewrite.php(47): require_once('FCPATH\\index.php')
CRITICAL - 2023-02-21 17:02:44 --> Undefined variable $sort_icon
in APPPATH\Controllers\NewsController.php on line 68.
 1 APPPATH\Controllers\NewsController.php(68): CodeIgniter\Debug\Exceptions->errorHandler(2, 'Undefined variable $sort_icon', 'APPPATH\\Controllers\\NewsController.php', 68)
 2 SYSTEMPATH\CodeIgniter.php(934): App\Controllers\NewsController->index()
 3 SYSTEMPATH\CodeIgniter.php(499): CodeIgniter\CodeIgniter->runController(Object(App\Controllers\NewsController))
 4 SYSTEMPATH\CodeIgniter.php(368): CodeIgniter\CodeIgniter->handleRequest(null, Object(Config\Cache), false)
 5 FCPATH\index.php(67): CodeIgniter\CodeIgniter->run()
 6 SYSTEMPATH\Commands\Server\rewrite.php(47): require_once('FCPATH\\index.php')
CRITICAL - 2023-02-21 17:03:40 --> Undefined variable $order_icon
in APPPATH\Views\news\index.php on line 17.
 1 APPPATH\Views\news\index.php(17): CodeIgniter\Debug\Exceptions->errorHandler(2, 'Undefined variable $order_icon', 'APPPATH\\Views\\news\\index.php', 17)
 2 SYSTEMPATH\View\View.php(213): include('APPPATH\\Views\\news\\index.php')
 3 SYSTEMPATH\View\View.php(216): CodeIgniter\View\View->CodeIgniter\View\{closure}()
 4 SYSTEMPATH\Common.php(1177): CodeIgniter\View\View->render('news/index', [], true)
 5 APPPATH\Controllers\NewsController.php(76): view('news/index', [...])
 6 SYSTEMPATH\CodeIgniter.php(934): App\Controllers\NewsController->index('id', 'desc', 'id', 'asc')
 7 SYSTEMPATH\CodeIgniter.php(499): CodeIgniter\CodeIgniter->runController(Object(App\Controllers\NewsController))
 8 SYSTEMPATH\CodeIgniter.php(368): CodeIgniter\CodeIgniter->handleRequest(null, Object(Config\Cache), false)
 9 FCPATH\index.php(67): CodeIgniter\CodeIgniter->run()
10 SYSTEMPATH\Commands\Server\rewrite.php(47): require_once('FCPATH\\index.php')
CRITICAL - 2023-02-21 17:03:42 --> Undefined variable $order_icon
in APPPATH\Views\news\index.php on line 17.
 1 APPPATH\Views\news\index.php(17): CodeIgniter\Debug\Exceptions->errorHandler(2, 'Undefined variable $order_icon', 'APPPATH\\Views\\news\\index.php', 17)
 2 SYSTEMPATH\View\View.php(213): include('APPPATH\\Views\\news\\index.php')
 3 SYSTEMPATH\View\View.php(216): CodeIgniter\View\View->CodeIgniter\View\{closure}()
 4 SYSTEMPATH\Common.php(1177): CodeIgniter\View\View->render('news/index', [], true)
 5 APPPATH\Controllers\NewsController.php(76): view('news/index', [...])
 6 SYSTEMPATH\CodeIgniter.php(934): App\Controllers\NewsController->index('id', 'desc', 'id', 'asc')
 7 SYSTEMPATH\CodeIgniter.php(499): CodeIgniter\CodeIgniter->runController(Object(App\Controllers\NewsController))
 8 SYSTEMPATH\CodeIgniter.php(368): CodeIgniter\CodeIgniter->handleRequest(null, Object(Config\Cache), false)
 9 FCPATH\index.php(67): CodeIgniter\CodeIgniter->run()
10 SYSTEMPATH\Commands\Server\rewrite.php(47): require_once('FCPATH\\index.php')
CRITICAL - 2023-02-21 17:03:46 --> Undefined variable $order_icon
in APPPATH\Views\news\index.php on line 17.
 1 APPPATH\Views\news\index.php(17): CodeIgniter\Debug\Exceptions->errorHandler(2, 'Undefined variable $order_icon', 'APPPATH\\Views\\news\\index.php', 17)
 2 SYSTEMPATH\View\View.php(213): include('APPPATH\\Views\\news\\index.php')
 3 SYSTEMPATH\View\View.php(216): CodeIgniter\View\View->CodeIgniter\View\{closure}()
 4 SYSTEMPATH\Common.php(1177): CodeIgniter\View\View->render('news/index', [], true)
 5 APPPATH\Controllers\NewsController.php(76): view('news/index', [...])
 6 SYSTEMPATH\CodeIgniter.php(934): App\Controllers\NewsController->index('id', 'desc', 'id', 'asc')
 7 SYSTEMPATH\CodeIgniter.php(499): CodeIgniter\CodeIgniter->runController(Object(App\Controllers\NewsController))
 8 SYSTEMPATH\CodeIgniter.php(368): CodeIgniter\CodeIgniter->handleRequest(null, Object(Config\Cache), false)
 9 FCPATH\index.php(67): CodeIgniter\CodeIgniter->run()
10 SYSTEMPATH\Commands\Server\rewrite.php(47): require_once('FCPATH\\index.php')
CRITICAL - 2023-02-21 17:05:31 --> Undefined variable $sort_order
in APPPATH\Views\news\index.php on line 17.
 1 APPPATH\Views\news\index.php(17): CodeIgniter\Debug\Exceptions->errorHandler(2, 'Undefined variable $sort_order', 'APPPATH\\Views\\news\\index.php', 17)
 2 SYSTEMPATH\View\View.php(213): include('APPPATH\\Views\\news\\index.php')
 3 SYSTEMPATH\View\View.php(216): CodeIgniter\View\View->CodeIgniter\View\{closure}()
 4 SYSTEMPATH\Common.php(1177): CodeIgniter\View\View->render('news/index', [], true)
 5 APPPATH\Controllers\NewsController.php(76): view('news/index', [...])
 6 SYSTEMPATH\CodeIgniter.php(934): App\Controllers\NewsController->index('id', 'desc', 'id', 'asc')
 7 SYSTEMPATH\CodeIgniter.php(499): CodeIgniter\CodeIgniter->runController(Object(App\Controllers\NewsController))
 8 SYSTEMPATH\CodeIgniter.php(368): CodeIgniter\CodeIgniter->handleRequest(null, Object(Config\Cache), false)
 9 FCPATH\index.php(67): CodeIgniter\CodeIgniter->run()
10 SYSTEMPATH\Commands\Server\rewrite.php(47): require_once('FCPATH\\index.php')
CRITICAL - 2023-02-21 17:05:32 --> Undefined variable $sort_order
in APPPATH\Views\news\index.php on line 17.
 1 APPPATH\Views\news\index.php(17): CodeIgniter\Debug\Exceptions->errorHandler(2, 'Undefined variable $sort_order', 'APPPATH\\Views\\news\\index.php', 17)
 2 SYSTEMPATH\View\View.php(213): include('APPPATH\\Views\\news\\index.php')
 3 SYSTEMPATH\View\View.php(216): CodeIgniter\View\View->CodeIgniter\View\{closure}()
 4 SYSTEMPATH\Common.php(1177): CodeIgniter\View\View->render('news/index', [], true)
 5 APPPATH\Controllers\NewsController.php(76): view('news/index', [...])
 6 SYSTEMPATH\CodeIgniter.php(934): App\Controllers\NewsController->index('id', 'desc', 'id', 'asc')
 7 SYSTEMPATH\CodeIgniter.php(499): CodeIgniter\CodeIgniter->runController(Object(App\Controllers\NewsController))
 8 SYSTEMPATH\CodeIgniter.php(368): CodeIgniter\CodeIgniter->handleRequest(null, Object(Config\Cache), false)
 9 FCPATH\index.php(67): CodeIgniter\CodeIgniter->run()
10 SYSTEMPATH\Commands\Server\rewrite.php(47): require_once('FCPATH\\index.php')
CRITICAL - 2023-02-21 17:05:57 --> Undefined variable $sort_by
in APPPATH\Views\news\index.php on line 17.
 1 APPPATH\Views\news\index.php(17): CodeIgniter\Debug\Exceptions->errorHandler(2, 'Undefined variable $sort_by', 'APPPATH\\Views\\news\\index.php', 17)
 2 SYSTEMPATH\View\View.php(213): include('APPPATH\\Views\\news\\index.php')
 3 SYSTEMPATH\View\View.php(216): CodeIgniter\View\View->CodeIgniter\View\{closure}()
 4 SYSTEMPATH\Common.php(1177): CodeIgniter\View\View->render('news/index', [], true)
 5 APPPATH\Controllers\NewsController.php(76): view('news/index', [...])
 6 SYSTEMPATH\CodeIgniter.php(934): App\Controllers\NewsController->index('id', 'desc', 'id', 'asc')
 7 SYSTEMPATH\CodeIgniter.php(499): CodeIgniter\CodeIgniter->runController(Object(App\Controllers\NewsController))
 8 SYSTEMPATH\CodeIgniter.php(368): CodeIgniter\CodeIgniter->handleRequest(null, Object(Config\Cache), false)
 9 FCPATH\index.php(67): CodeIgniter\CodeIgniter->run()
10 SYSTEMPATH\Commands\Server\rewrite.php(47): require_once('FCPATH\\index.php')
CRITICAL - 2023-02-21 17:05:59 --> Undefined variable $sort_by
in APPPATH\Views\news\index.php on line 17.
 1 APPPATH\Views\news\index.php(17): CodeIgniter\Debug\Exceptions->errorHandler(2, 'Undefined variable $sort_by', 'APPPATH\\Views\\news\\index.php', 17)
 2 SYSTEMPATH\View\View.php(213): include('APPPATH\\Views\\news\\index.php')
 3 SYSTEMPATH\View\View.php(216): CodeIgniter\View\View->CodeIgniter\View\{closure}()
 4 SYSTEMPATH\Common.php(1177): CodeIgniter\View\View->render('news/index', [], true)
 5 APPPATH\Controllers\NewsController.php(76): view('news/index', [...])
 6 SYSTEMPATH\CodeIgniter.php(934): App\Controllers\NewsController->index('id', 'desc', 'id', 'asc')
 7 SYSTEMPATH\CodeIgniter.php(499): CodeIgniter\CodeIgniter->runController(Object(App\Controllers\NewsController))
 8 SYSTEMPATH\CodeIgniter.php(368): CodeIgniter\CodeIgniter->handleRequest(null, Object(Config\Cache), false)
 9 FCPATH\index.php(67): CodeIgniter\CodeIgniter->run()
10 SYSTEMPATH\Commands\Server\rewrite.php(47): require_once('FCPATH\\index.php')
CRITICAL - 2023-02-21 17:06:30 --> Undefined variable $sort_by
in APPPATH\Views\news\index.php on line 17.
 1 APPPATH\Views\news\index.php(17): CodeIgniter\Debug\Exceptions->errorHandler(2, 'Undefined variable $sort_by', 'APPPATH\\Views\\news\\index.php', 17)
 2 SYSTEMPATH\View\View.php(213): include('APPPATH\\Views\\news\\index.php')
 3 SYSTEMPATH\View\View.php(216): CodeIgniter\View\View->CodeIgniter\View\{closure}()
 4 SYSTEMPATH\Common.php(1177): CodeIgniter\View\View->render('news/index', [], true)
 5 APPPATH\Controllers\NewsController.php(77): view('news/index', [...])
 6 SYSTEMPATH\CodeIgniter.php(934): App\Controllers\NewsController->index('id', 'desc', 'id', 'asc')
 7 SYSTEMPATH\CodeIgniter.php(499): CodeIgniter\CodeIgniter->runController(Object(App\Controllers\NewsController))
 8 SYSTEMPATH\CodeIgniter.php(368): CodeIgniter\CodeIgniter->handleRequest(null, Object(Config\Cache), false)
 9 FCPATH\index.php(67): CodeIgniter\CodeIgniter->run()
10 SYSTEMPATH\Commands\Server\rewrite.php(47): require_once('FCPATH\\index.php')
CRITICAL - 2023-02-21 17:06:31 --> Undefined variable $sort_by
in APPPATH\Views\news\index.php on line 17.
 1 APPPATH\Views\news\index.php(17): CodeIgniter\Debug\Exceptions->errorHandler(2, 'Undefined variable $sort_by', 'APPPATH\\Views\\news\\index.php', 17)
 2 SYSTEMPATH\View\View.php(213): include('APPPATH\\Views\\news\\index.php')
 3 SYSTEMPATH\View\View.php(216): CodeIgniter\View\View->CodeIgniter\View\{closure}()
 4 SYSTEMPATH\Common.php(1177): CodeIgniter\View\View->render('news/index', [], true)
 5 APPPATH\Controllers\NewsController.php(77): view('news/index', [...])
 6 SYSTEMPATH\CodeIgniter.php(934): App\Controllers\NewsController->index('id', 'desc', 'id', 'asc')
 7 SYSTEMPATH\CodeIgniter.php(499): CodeIgniter\CodeIgniter->runController(Object(App\Controllers\NewsController))
 8 SYSTEMPATH\CodeIgniter.php(368): CodeIgniter\CodeIgniter->handleRequest(null, Object(Config\Cache), false)
 9 FCPATH\index.php(67): CodeIgniter\CodeIgniter->run()
10 SYSTEMPATH\Commands\Server\rewrite.php(47): require_once('FCPATH\\index.php')
CRITICAL - 2023-02-21 17:35:32 --> Unmatched ')'
in APPPATH\Views\news\index.php on line 61.
 1 SYSTEMPATH\View\View.php(216): CodeIgniter\View\View->CodeIgniter\View\{closure}()
 2 SYSTEMPATH\Common.php(1177): CodeIgniter\View\View->render('news/index', [], true)
 3 APPPATH\Controllers\NewsController.php(76): view('news/index', [...])
 4 SYSTEMPATH\CodeIgniter.php(934): App\Controllers\NewsController->index('id', 'desc', 'id', 'asc')
 5 SYSTEMPATH\CodeIgniter.php(499): CodeIgniter\CodeIgniter->runController(Object(App\Controllers\NewsController))
 6 SYSTEMPATH\CodeIgniter.php(368): CodeIgniter\CodeIgniter->handleRequest(null, Object(Config\Cache), false)
 7 FCPATH\index.php(67): CodeIgniter\CodeIgniter->run()
 8 SYSTEMPATH\Commands\Server\rewrite.php(47): require_once('FCPATH\\index.php')
