INFO - 2023-01-31 14:43:38 --> Session: Class initialized using 'CodeIgniter\Session\Handlers\FileHandler' driver.
INFO - 2023-01-31 14:43:39 --> Session: Class initialized using 'CodeIgniter\Session\Handlers\FileHandler' driver.
INFO - 2023-01-31 14:43:52 --> Session: Class initialized using 'CodeIgniter\Session\Handlers\FileHandler' driver.
INFO - 2023-01-31 14:44:27 --> CSRF token verified.
INFO - 2023-01-31 14:48:19 --> Session: Class initialized using 'CodeIgniter\Session\Handlers\FileHandler' driver.
CRITICAL - 2023-01-31 14:48:26 --> The action you requested is not allowed.
in SYSTEMPATH\Security\Security.php on line 306.
 1 SYSTEMPATH\Security\Security.php(306): CodeIgniter\Security\Exceptions\SecurityException::forDisallowedAction()
 2 SYSTEMPATH\Filters\CSRF.php(55): CodeIgniter\Security\Security->verify(Object(CodeIgniter\HTTP\IncomingRequest))
 3 SYSTEMPATH\Filters\Filters.php(173): CodeIgniter\Filters\CSRF->before(Object(CodeIgniter\HTTP\IncomingRequest), null)
 4 SYSTEMPATH\CodeIgniter.php(473): CodeIgniter\Filters\Filters->run('news/create', 'before')
 5 SYSTEMPATH\CodeIgniter.php(368): CodeIgniter\CodeIgniter->handleRequest(null, Object(Config\Cache), false)
 6 FCPATH\index.php(67): CodeIgniter\CodeIgniter->run()
 7 SYSTEMPATH\Commands\Server\rewrite.php(47): require_once('FCPATH\\index.php')
CRITICAL - 2023-01-31 14:48:51 --> The action you requested is not allowed.
in SYSTEMPATH\Security\Security.php on line 306.
 1 SYSTEMPATH\Security\Security.php(306): CodeIgniter\Security\Exceptions\SecurityException::forDisallowedAction()
 2 SYSTEMPATH\Filters\CSRF.php(55): CodeIgniter\Security\Security->verify(Object(CodeIgniter\HTTP\IncomingRequest))
 3 SYSTEMPATH\Filters\Filters.php(173): CodeIgniter\Filters\CSRF->before(Object(CodeIgniter\HTTP\IncomingRequest), null)
 4 SYSTEMPATH\CodeIgniter.php(473): CodeIgniter\Filters\Filters->run('news/create', 'before')
 5 SYSTEMPATH\CodeIgniter.php(368): CodeIgniter\CodeIgniter->handleRequest(null, Object(Config\Cache), false)
 6 FCPATH\index.php(67): CodeIgniter\CodeIgniter->run()
 7 SYSTEMPATH\Commands\Server\rewrite.php(47): require_once('FCPATH\\index.php')
INFO - 2023-01-31 14:48:54 --> Session: Class initialized using 'CodeIgniter\Session\Handlers\FileHandler' driver.
INFO - 2023-01-31 14:51:19 --> Session: Class initialized using 'CodeIgniter\Session\Handlers\FileHandler' driver.
INFO - 2023-01-31 14:56:46 --> Session: Class initialized using 'CodeIgniter\Session\Handlers\FileHandler' driver.
INFO - 2023-01-31 14:57:32 --> Session: Class initialized using 'CodeIgniter\Session\Handlers\FileHandler' driver.
INFO - 2023-01-31 14:57:41 --> Session: Class initialized using 'CodeIgniter\Session\Handlers\FileHandler' driver.
INFO - 2023-01-31 14:57:44 --> Session: Class initialized using 'CodeIgniter\Session\Handlers\FileHandler' driver.
INFO - 2023-01-31 14:57:53 --> Session: Class initialized using 'CodeIgniter\Session\Handlers\FileHandler' driver.
INFO - 2023-01-31 14:58:02 --> Session: Class initialized using 'CodeIgniter\Session\Handlers\FileHandler' driver.
INFO - 2023-01-31 14:58:06 --> Session: Class initialized using 'CodeIgniter\Session\Handlers\FileHandler' driver.
INFO - 2023-01-31 14:58:23 --> Session: Class initialized using 'CodeIgniter\Session\Handlers\FileHandler' driver.
INFO - 2023-01-31 14:58:42 --> Session: Class initialized using 'CodeIgniter\Session\Handlers\FileHandler' driver.
INFO - 2023-01-31 14:58:44 --> Session: Class initialized using 'CodeIgniter\Session\Handlers\FileHandler' driver.
INFO - 2023-01-31 14:58:51 --> Session: Class initialized using 'CodeIgniter\Session\Handlers\FileHandler' driver.
INFO - 2023-01-31 14:59:13 --> Session: Class initialized using 'CodeIgniter\Session\Handlers\FileHandler' driver.
INFO - 2023-01-31 14:59:29 --> Session: Class initialized using 'CodeIgniter\Session\Handlers\FileHandler' driver.
INFO - 2023-01-31 14:59:41 --> Session: Class initialized using 'CodeIgniter\Session\Handlers\FileHandler' driver.
INFO - 2023-01-31 14:59:50 --> Session: Class initialized using 'CodeIgniter\Session\Handlers\FileHandler' driver.
INFO - 2023-01-31 14:59:54 --> Session: Class initialized using 'CodeIgniter\Session\Handlers\FileHandler' driver.
INFO - 2023-01-31 15:00:01 --> Session: Class initialized using 'CodeIgniter\Session\Handlers\FileHandler' driver.
INFO - 2023-01-31 15:00:16 --> Session: Class initialized using 'CodeIgniter\Session\Handlers\FileHandler' driver.
INFO - 2023-01-31 15:00:27 --> Session: Class initialized using 'CodeIgniter\Session\Handlers\FileHandler' driver.
INFO - 2023-01-31 15:01:18 --> Session: Class initialized using 'CodeIgniter\Session\Handlers\FileHandler' driver.
INFO - 2023-01-31 15:02:05 --> Session: Class initialized using 'CodeIgniter\Session\Handlers\FileHandler' driver.
INFO - 2023-01-31 15:02:18 --> Session: Class initialized using 'CodeIgniter\Session\Handlers\FileHandler' driver.
INFO - 2023-01-31 15:02:54 --> Session: Class initialized using 'CodeIgniter\Session\Handlers\FileHandler' driver.
INFO - 2023-01-31 15:05:14 --> Session: Class initialized using 'CodeIgniter\Session\Handlers\FileHandler' driver.
INFO - 2023-01-31 15:05:34 --> Session: Class initialized using 'CodeIgniter\Session\Handlers\FileHandler' driver.
INFO - 2023-01-31 15:05:38 --> Session: Class initialized using 'CodeIgniter\Session\Handlers\FileHandler' driver.
INFO - 2023-01-31 15:05:47 --> Session: Class initialized using 'CodeIgniter\Session\Handlers\FileHandler' driver.
INFO - 2023-01-31 15:05:55 --> Session: Class initialized using 'CodeIgniter\Session\Handlers\FileHandler' driver.
INFO - 2023-01-31 15:06:13 --> Session: Class initialized using 'CodeIgniter\Session\Handlers\FileHandler' driver.
INFO - 2023-01-31 15:08:19 --> Session: Class initialized using 'CodeIgniter\Session\Handlers\FileHandler' driver.
INFO - 2023-01-31 15:08:29 --> Session: Class initialized using 'CodeIgniter\Session\Handlers\FileHandler' driver.
INFO - 2023-01-31 15:09:25 --> Session: Class initialized using 'CodeIgniter\Session\Handlers\FileHandler' driver.
INFO - 2023-01-31 15:10:47 --> Session: Class initialized using 'CodeIgniter\Session\Handlers\FileHandler' driver.
INFO - 2023-01-31 15:11:04 --> CSRF token verified.
ERROR - 2023-01-31 15:11:04 --> mysqli_sql_exception: Unknown column 'updated_at' in 'field list' in C:\Users\ByBlackDeath\Documents\Caparrella_DAW2\MP07\Codeigniter\DAWBlogger\vendor\codeigniter4\framework\system\Database\MySQLi\Connection.php:295
Stack trace:
#0 C:\Users\ByBlackDeath\Documents\Caparrella_DAW2\MP07\Codeigniter\DAWBlogger\vendor\codeigniter4\framework\system\Database\MySQLi\Connection.php(295): mysqli->query('INSERT INTO `ne...', 0)
#1 C:\Users\ByBlackDeath\Documents\Caparrella_DAW2\MP07\Codeigniter\DAWBlogger\vendor\codeigniter4\framework\system\Database\BaseConnection.php(691): CodeIgniter\Database\MySQLi\Connection->execute('INSERT INTO `ne...')
#2 C:\Users\ByBlackDeath\Documents\Caparrella_DAW2\MP07\Codeigniter\DAWBlogger\vendor\codeigniter4\framework\system\Database\BaseConnection.php(605): CodeIgniter\Database\BaseConnection->simpleQuery('INSERT INTO `ne...')
#3 C:\Users\ByBlackDeath\Documents\Caparrella_DAW2\MP07\Codeigniter\DAWBlogger\vendor\codeigniter4\framework\system\Database\BaseBuilder.php(2295): CodeIgniter\Database\BaseConnection->query('INSERT INTO `ne...', Array, false)
#4 C:\Users\ByBlackDeath\Documents\Caparrella_DAW2\MP07\Codeigniter\DAWBlogger\vendor\codeigniter4\framework\system\Model.php(329): CodeIgniter\Database\BaseBuilder->insert()
#5 C:\Users\ByBlackDeath\Documents\Caparrella_DAW2\MP07\Codeigniter\DAWBlogger\vendor\codeigniter4\framework\system\BaseModel.php(782): CodeIgniter\Model->doInsert(Array)
#6 C:\Users\ByBlackDeath\Documents\Caparrella_DAW2\MP07\Codeigniter\DAWBlogger\vendor\codeigniter4\framework\system\Model.php(729): CodeIgniter\BaseModel->insert(Array, false)
#7 C:\Users\ByBlackDeath\Documents\Caparrella_DAW2\MP07\Codeigniter\DAWBlogger\vendor\codeigniter4\framework\system\BaseModel.php(692): CodeIgniter\Model->insert(Array, false)
#8 C:\Users\ByBlackDeath\Documents\Caparrella_DAW2\MP07\Codeigniter\DAWBlogger\app\Controllers\NewsController.php(69): CodeIgniter\BaseModel->save(Array)
#9 C:\Users\ByBlackDeath\Documents\Caparrella_DAW2\MP07\Codeigniter\DAWBlogger\vendor\codeigniter4\framework\system\CodeIgniter.php(934): App\Controllers\NewsController->create()
#10 C:\Users\ByBlackDeath\Documents\Caparrella_DAW2\MP07\Codeigniter\DAWBlogger\vendor\codeigniter4\framework\system\CodeIgniter.php(499): CodeIgniter\CodeIgniter->runController(Object(App\Controllers\NewsController))
#11 C:\Users\ByBlackDeath\Documents\Caparrella_DAW2\MP07\Codeigniter\DAWBlogger\vendor\codeigniter4\framework\system\CodeIgniter.php(368): CodeIgniter\CodeIgniter->handleRequest(NULL, Object(Config\Cache), false)
#12 C:\Users\ByBlackDeath\Documents\Caparrella_DAW2\MP07\Codeigniter\DAWBlogger\public\index.php(67): CodeIgniter\CodeIgniter->run()
#13 C:\Users\ByBlackDeath\Documents\Caparrella_DAW2\MP07\Codeigniter\DAWBlogger\vendor\codeigniter4\framework\system\Commands\Server\rewrite.php(47): require_once('C:\\Users\\ByBlac...')
#14 {main}
CRITICAL - 2023-01-31 15:11:04 --> Unknown column 'updated_at' in 'field list'
in SYSTEMPATH\Database\BaseConnection.php on line 645.
 1 SYSTEMPATH\Database\BaseBuilder.php(2295): CodeIgniter\Database\BaseConnection->query('INSERT INTO `news` (`title`, `slug`, `body`, `published_at`, `updated_at`) VALUES (:title:, :slug:, :body:, :published_at:, :updated_at:)', [...], false)
 2 SYSTEMPATH\Model.php(329): CodeIgniter\Database\BaseBuilder->insert()
 3 SYSTEMPATH\BaseModel.php(782): CodeIgniter\Model->doInsert([...])
 4 SYSTEMPATH\Model.php(729): CodeIgniter\BaseModel->insert([...], false)
 5 SYSTEMPATH\BaseModel.php(692): CodeIgniter\Model->insert([...], false)
 6 APPPATH\Controllers\NewsController.php(69): CodeIgniter\BaseModel->save([...])
 7 SYSTEMPATH\CodeIgniter.php(934): App\Controllers\NewsController->create()
 8 SYSTEMPATH\CodeIgniter.php(499): CodeIgniter\CodeIgniter->runController(Object(App\Controllers\NewsController))
 9 SYSTEMPATH\CodeIgniter.php(368): CodeIgniter\CodeIgniter->handleRequest(null, Object(Config\Cache), false)
10 FCPATH\index.php(67): CodeIgniter\CodeIgniter->run()
11 SYSTEMPATH\Commands\Server\rewrite.php(47): require_once('FCPATH\\index.php')
INFO - 2023-01-31 15:13:13 --> CSRF token verified.
ERROR - 2023-01-31 15:13:13 --> mysqli_sql_exception: Unknown column 'updated_at' in 'field list' in C:\Users\ByBlackDeath\Documents\Caparrella_DAW2\MP07\Codeigniter\DAWBlogger\vendor\codeigniter4\framework\system\Database\MySQLi\Connection.php:295
Stack trace:
#0 C:\Users\ByBlackDeath\Documents\Caparrella_DAW2\MP07\Codeigniter\DAWBlogger\vendor\codeigniter4\framework\system\Database\MySQLi\Connection.php(295): mysqli->query('INSERT INTO `ne...', 0)
#1 C:\Users\ByBlackDeath\Documents\Caparrella_DAW2\MP07\Codeigniter\DAWBlogger\vendor\codeigniter4\framework\system\Database\BaseConnection.php(691): CodeIgniter\Database\MySQLi\Connection->execute('INSERT INTO `ne...')
#2 C:\Users\ByBlackDeath\Documents\Caparrella_DAW2\MP07\Codeigniter\DAWBlogger\vendor\codeigniter4\framework\system\Database\BaseConnection.php(605): CodeIgniter\Database\BaseConnection->simpleQuery('INSERT INTO `ne...')
#3 C:\Users\ByBlackDeath\Documents\Caparrella_DAW2\MP07\Codeigniter\DAWBlogger\vendor\codeigniter4\framework\system\Database\BaseBuilder.php(2295): CodeIgniter\Database\BaseConnection->query('INSERT INTO `ne...', Array, false)
#4 C:\Users\ByBlackDeath\Documents\Caparrella_DAW2\MP07\Codeigniter\DAWBlogger\vendor\codeigniter4\framework\system\Model.php(329): CodeIgniter\Database\BaseBuilder->insert()
#5 C:\Users\ByBlackDeath\Documents\Caparrella_DAW2\MP07\Codeigniter\DAWBlogger\vendor\codeigniter4\framework\system\BaseModel.php(782): CodeIgniter\Model->doInsert(Array)
#6 C:\Users\ByBlackDeath\Documents\Caparrella_DAW2\MP07\Codeigniter\DAWBlogger\vendor\codeigniter4\framework\system\Model.php(729): CodeIgniter\BaseModel->insert(Array, false)
#7 C:\Users\ByBlackDeath\Documents\Caparrella_DAW2\MP07\Codeigniter\DAWBlogger\vendor\codeigniter4\framework\system\BaseModel.php(692): CodeIgniter\Model->insert(Array, false)
#8 C:\Users\ByBlackDeath\Documents\Caparrella_DAW2\MP07\Codeigniter\DAWBlogger\app\Controllers\NewsController.php(69): CodeIgniter\BaseModel->save(Array)
#9 C:\Users\ByBlackDeath\Documents\Caparrella_DAW2\MP07\Codeigniter\DAWBlogger\vendor\codeigniter4\framework\system\CodeIgniter.php(934): App\Controllers\NewsController->create()
#10 C:\Users\ByBlackDeath\Documents\Caparrella_DAW2\MP07\Codeigniter\DAWBlogger\vendor\codeigniter4\framework\system\CodeIgniter.php(499): CodeIgniter\CodeIgniter->runController(Object(App\Controllers\NewsController))
#11 C:\Users\ByBlackDeath\Documents\Caparrella_DAW2\MP07\Codeigniter\DAWBlogger\vendor\codeigniter4\framework\system\CodeIgniter.php(368): CodeIgniter\CodeIgniter->handleRequest(NULL, Object(Config\Cache), false)
#12 C:\Users\ByBlackDeath\Documents\Caparrella_DAW2\MP07\Codeigniter\DAWBlogger\public\index.php(67): CodeIgniter\CodeIgniter->run()
#13 C:\Users\ByBlackDeath\Documents\Caparrella_DAW2\MP07\Codeigniter\DAWBlogger\vendor\codeigniter4\framework\system\Commands\Server\rewrite.php(47): require_once('C:\\Users\\ByBlac...')
#14 {main}
CRITICAL - 2023-01-31 15:13:13 --> Unknown column 'updated_at' in 'field list'
in SYSTEMPATH\Database\BaseConnection.php on line 645.
 1 SYSTEMPATH\Database\BaseBuilder.php(2295): CodeIgniter\Database\BaseConnection->query('INSERT INTO `news` (`title`, `slug`, `body`, `published_at`, `updated_at`) VALUES (:title:, :slug:, :body:, :published_at:, :updated_at:)', [...], false)
 2 SYSTEMPATH\Model.php(329): CodeIgniter\Database\BaseBuilder->insert()
 3 SYSTEMPATH\BaseModel.php(782): CodeIgniter\Model->doInsert([...])
 4 SYSTEMPATH\Model.php(729): CodeIgniter\BaseModel->insert([...], false)
 5 SYSTEMPATH\BaseModel.php(692): CodeIgniter\Model->insert([...], false)
 6 APPPATH\Controllers\NewsController.php(69): CodeIgniter\BaseModel->save([...])
 7 SYSTEMPATH\CodeIgniter.php(934): App\Controllers\NewsController->create()
 8 SYSTEMPATH\CodeIgniter.php(499): CodeIgniter\CodeIgniter->runController(Object(App\Controllers\NewsController))
 9 SYSTEMPATH\CodeIgniter.php(368): CodeIgniter\CodeIgniter->handleRequest(null, Object(Config\Cache), false)
10 FCPATH\index.php(67): CodeIgniter\CodeIgniter->run()
11 SYSTEMPATH\Commands\Server\rewrite.php(47): require_once('FCPATH\\index.php')
INFO - 2023-01-31 15:13:14 --> CSRF token verified.
ERROR - 2023-01-31 15:13:14 --> mysqli_sql_exception: Unknown column 'updated_at' in 'field list' in C:\Users\ByBlackDeath\Documents\Caparrella_DAW2\MP07\Codeigniter\DAWBlogger\vendor\codeigniter4\framework\system\Database\MySQLi\Connection.php:295
Stack trace:
#0 C:\Users\ByBlackDeath\Documents\Caparrella_DAW2\MP07\Codeigniter\DAWBlogger\vendor\codeigniter4\framework\system\Database\MySQLi\Connection.php(295): mysqli->query('INSERT INTO `ne...', 0)
#1 C:\Users\ByBlackDeath\Documents\Caparrella_DAW2\MP07\Codeigniter\DAWBlogger\vendor\codeigniter4\framework\system\Database\BaseConnection.php(691): CodeIgniter\Database\MySQLi\Connection->execute('INSERT INTO `ne...')
#2 C:\Users\ByBlackDeath\Documents\Caparrella_DAW2\MP07\Codeigniter\DAWBlogger\vendor\codeigniter4\framework\system\Database\BaseConnection.php(605): CodeIgniter\Database\BaseConnection->simpleQuery('INSERT INTO `ne...')
#3 C:\Users\ByBlackDeath\Documents\Caparrella_DAW2\MP07\Codeigniter\DAWBlogger\vendor\codeigniter4\framework\system\Database\BaseBuilder.php(2295): CodeIgniter\Database\BaseConnection->query('INSERT INTO `ne...', Array, false)
#4 C:\Users\ByBlackDeath\Documents\Caparrella_DAW2\MP07\Codeigniter\DAWBlogger\vendor\codeigniter4\framework\system\Model.php(329): CodeIgniter\Database\BaseBuilder->insert()
#5 C:\Users\ByBlackDeath\Documents\Caparrella_DAW2\MP07\Codeigniter\DAWBlogger\vendor\codeigniter4\framework\system\BaseModel.php(782): CodeIgniter\Model->doInsert(Array)
#6 C:\Users\ByBlackDeath\Documents\Caparrella_DAW2\MP07\Codeigniter\DAWBlogger\vendor\codeigniter4\framework\system\Model.php(729): CodeIgniter\BaseModel->insert(Array, false)
#7 C:\Users\ByBlackDeath\Documents\Caparrella_DAW2\MP07\Codeigniter\DAWBlogger\vendor\codeigniter4\framework\system\BaseModel.php(692): CodeIgniter\Model->insert(Array, false)
#8 C:\Users\ByBlackDeath\Documents\Caparrella_DAW2\MP07\Codeigniter\DAWBlogger\app\Controllers\NewsController.php(69): CodeIgniter\BaseModel->save(Array)
#9 C:\Users\ByBlackDeath\Documents\Caparrella_DAW2\MP07\Codeigniter\DAWBlogger\vendor\codeigniter4\framework\system\CodeIgniter.php(934): App\Controllers\NewsController->create()
#10 C:\Users\ByBlackDeath\Documents\Caparrella_DAW2\MP07\Codeigniter\DAWBlogger\vendor\codeigniter4\framework\system\CodeIgniter.php(499): CodeIgniter\CodeIgniter->runController(Object(App\Controllers\NewsController))
#11 C:\Users\ByBlackDeath\Documents\Caparrella_DAW2\MP07\Codeigniter\DAWBlogger\vendor\codeigniter4\framework\system\CodeIgniter.php(368): CodeIgniter\CodeIgniter->handleRequest(NULL, Object(Config\Cache), false)
#12 C:\Users\ByBlackDeath\Documents\Caparrella_DAW2\MP07\Codeigniter\DAWBlogger\public\index.php(67): CodeIgniter\CodeIgniter->run()
#13 C:\Users\ByBlackDeath\Documents\Caparrella_DAW2\MP07\Codeigniter\DAWBlogger\vendor\codeigniter4\framework\system\Commands\Server\rewrite.php(47): require_once('C:\\Users\\ByBlac...')
#14 {main}
CRITICAL - 2023-01-31 15:13:14 --> Unknown column 'updated_at' in 'field list'
in SYSTEMPATH\Database\BaseConnection.php on line 645.
 1 SYSTEMPATH\Database\BaseBuilder.php(2295): CodeIgniter\Database\BaseConnection->query('INSERT INTO `news` (`title`, `slug`, `body`, `published_at`, `updated_at`) VALUES (:title:, :slug:, :body:, :published_at:, :updated_at:)', [...], false)
 2 SYSTEMPATH\Model.php(329): CodeIgniter\Database\BaseBuilder->insert()
 3 SYSTEMPATH\BaseModel.php(782): CodeIgniter\Model->doInsert([...])
 4 SYSTEMPATH\Model.php(729): CodeIgniter\BaseModel->insert([...], false)
 5 SYSTEMPATH\BaseModel.php(692): CodeIgniter\Model->insert([...], false)
 6 APPPATH\Controllers\NewsController.php(69): CodeIgniter\BaseModel->save([...])
 7 SYSTEMPATH\CodeIgniter.php(934): App\Controllers\NewsController->create()
 8 SYSTEMPATH\CodeIgniter.php(499): CodeIgniter\CodeIgniter->runController(Object(App\Controllers\NewsController))
 9 SYSTEMPATH\CodeIgniter.php(368): CodeIgniter\CodeIgniter->handleRequest(null, Object(Config\Cache), false)
10 FCPATH\index.php(67): CodeIgniter\CodeIgniter->run()
11 SYSTEMPATH\Commands\Server\rewrite.php(47): require_once('FCPATH\\index.php')
INFO - 2023-01-31 15:13:16 --> Session: Class initialized using 'CodeIgniter\Session\Handlers\FileHandler' driver.
INFO - 2023-01-31 15:13:21 --> CSRF token verified.
ERROR - 2023-01-31 15:13:21 --> mysqli_sql_exception: Unknown column 'updated_at' in 'field list' in C:\Users\ByBlackDeath\Documents\Caparrella_DAW2\MP07\Codeigniter\DAWBlogger\vendor\codeigniter4\framework\system\Database\MySQLi\Connection.php:295
Stack trace:
#0 C:\Users\ByBlackDeath\Documents\Caparrella_DAW2\MP07\Codeigniter\DAWBlogger\vendor\codeigniter4\framework\system\Database\MySQLi\Connection.php(295): mysqli->query('INSERT INTO `ne...', 0)
#1 C:\Users\ByBlackDeath\Documents\Caparrella_DAW2\MP07\Codeigniter\DAWBlogger\vendor\codeigniter4\framework\system\Database\BaseConnection.php(691): CodeIgniter\Database\MySQLi\Connection->execute('INSERT INTO `ne...')
#2 C:\Users\ByBlackDeath\Documents\Caparrella_DAW2\MP07\Codeigniter\DAWBlogger\vendor\codeigniter4\framework\system\Database\BaseConnection.php(605): CodeIgniter\Database\BaseConnection->simpleQuery('INSERT INTO `ne...')
#3 C:\Users\ByBlackDeath\Documents\Caparrella_DAW2\MP07\Codeigniter\DAWBlogger\vendor\codeigniter4\framework\system\Database\BaseBuilder.php(2295): CodeIgniter\Database\BaseConnection->query('INSERT INTO `ne...', Array, false)
#4 C:\Users\ByBlackDeath\Documents\Caparrella_DAW2\MP07\Codeigniter\DAWBlogger\vendor\codeigniter4\framework\system\Model.php(329): CodeIgniter\Database\BaseBuilder->insert()
#5 C:\Users\ByBlackDeath\Documents\Caparrella_DAW2\MP07\Codeigniter\DAWBlogger\vendor\codeigniter4\framework\system\BaseModel.php(782): CodeIgniter\Model->doInsert(Array)
#6 C:\Users\ByBlackDeath\Documents\Caparrella_DAW2\MP07\Codeigniter\DAWBlogger\vendor\codeigniter4\framework\system\Model.php(729): CodeIgniter\BaseModel->insert(Array, false)
#7 C:\Users\ByBlackDeath\Documents\Caparrella_DAW2\MP07\Codeigniter\DAWBlogger\vendor\codeigniter4\framework\system\BaseModel.php(692): CodeIgniter\Model->insert(Array, false)
#8 C:\Users\ByBlackDeath\Documents\Caparrella_DAW2\MP07\Codeigniter\DAWBlogger\app\Controllers\NewsController.php(69): CodeIgniter\BaseModel->save(Array)
#9 C:\Users\ByBlackDeath\Documents\Caparrella_DAW2\MP07\Codeigniter\DAWBlogger\vendor\codeigniter4\framework\system\CodeIgniter.php(934): App\Controllers\NewsController->create()
#10 C:\Users\ByBlackDeath\Documents\Caparrella_DAW2\MP07\Codeigniter\DAWBlogger\vendor\codeigniter4\framework\system\CodeIgniter.php(499): CodeIgniter\CodeIgniter->runController(Object(App\Controllers\NewsController))
#11 C:\Users\ByBlackDeath\Documents\Caparrella_DAW2\MP07\Codeigniter\DAWBlogger\vendor\codeigniter4\framework\system\CodeIgniter.php(368): CodeIgniter\CodeIgniter->handleRequest(NULL, Object(Config\Cache), false)
#12 C:\Users\ByBlackDeath\Documents\Caparrella_DAW2\MP07\Codeigniter\DAWBlogger\public\index.php(67): CodeIgniter\CodeIgniter->run()
#13 C:\Users\ByBlackDeath\Documents\Caparrella_DAW2\MP07\Codeigniter\DAWBlogger\vendor\codeigniter4\framework\system\Commands\Server\rewrite.php(47): require_once('C:\\Users\\ByBlac...')
#14 {main}
CRITICAL - 2023-01-31 15:13:21 --> Unknown column 'updated_at' in 'field list'
in SYSTEMPATH\Database\BaseConnection.php on line 645.
 1 SYSTEMPATH\Database\BaseBuilder.php(2295): CodeIgniter\Database\BaseConnection->query('INSERT INTO `news` (`title`, `slug`, `body`, `published_at`, `updated_at`) VALUES (:title:, :slug:, :body:, :published_at:, :updated_at:)', [...], false)
 2 SYSTEMPATH\Model.php(329): CodeIgniter\Database\BaseBuilder->insert()
 3 SYSTEMPATH\BaseModel.php(782): CodeIgniter\Model->doInsert([...])
 4 SYSTEMPATH\Model.php(729): CodeIgniter\BaseModel->insert([...], false)
 5 SYSTEMPATH\BaseModel.php(692): CodeIgniter\Model->insert([...], false)
 6 APPPATH\Controllers\NewsController.php(69): CodeIgniter\BaseModel->save([...])
 7 SYSTEMPATH\CodeIgniter.php(934): App\Controllers\NewsController->create()
 8 SYSTEMPATH\CodeIgniter.php(499): CodeIgniter\CodeIgniter->runController(Object(App\Controllers\NewsController))
 9 SYSTEMPATH\CodeIgniter.php(368): CodeIgniter\CodeIgniter->handleRequest(null, Object(Config\Cache), false)
10 FCPATH\index.php(67): CodeIgniter\CodeIgniter->run()
11 SYSTEMPATH\Commands\Server\rewrite.php(47): require_once('FCPATH\\index.php')
INFO - 2023-01-31 15:13:34 --> CSRF token verified.
CRITICAL - 2023-01-31 15:14:48 --> The action you requested is not allowed.
in SYSTEMPATH\Security\Security.php on line 306.
 1 SYSTEMPATH\Security\Security.php(306): CodeIgniter\Security\Exceptions\SecurityException::forDisallowedAction()
 2 SYSTEMPATH\Filters\CSRF.php(55): CodeIgniter\Security\Security->verify(Object(CodeIgniter\HTTP\IncomingRequest))
 3 SYSTEMPATH\Filters\Filters.php(173): CodeIgniter\Filters\CSRF->before(Object(CodeIgniter\HTTP\IncomingRequest), null)
 4 SYSTEMPATH\CodeIgniter.php(473): CodeIgniter\Filters\Filters->run('news/create', 'before')
 5 SYSTEMPATH\CodeIgniter.php(368): CodeIgniter\CodeIgniter->handleRequest(null, Object(Config\Cache), false)
 6 FCPATH\index.php(67): CodeIgniter\CodeIgniter->run()
 7 SYSTEMPATH\Commands\Server\rewrite.php(47): require_once('FCPATH\\index.php')
CRITICAL - 2023-01-31 15:14:50 --> The action you requested is not allowed.
in SYSTEMPATH\Security\Security.php on line 306.
 1 SYSTEMPATH\Security\Security.php(306): CodeIgniter\Security\Exceptions\SecurityException::forDisallowedAction()
 2 SYSTEMPATH\Filters\CSRF.php(55): CodeIgniter\Security\Security->verify(Object(CodeIgniter\HTTP\IncomingRequest))
 3 SYSTEMPATH\Filters\Filters.php(173): CodeIgniter\Filters\CSRF->before(Object(CodeIgniter\HTTP\IncomingRequest), null)
 4 SYSTEMPATH\CodeIgniter.php(473): CodeIgniter\Filters\Filters->run('news/create', 'before')
 5 SYSTEMPATH\CodeIgniter.php(368): CodeIgniter\CodeIgniter->handleRequest(null, Object(Config\Cache), false)
 6 FCPATH\index.php(67): CodeIgniter\CodeIgniter->run()
 7 SYSTEMPATH\Commands\Server\rewrite.php(47): require_once('FCPATH\\index.php')
INFO - 2023-01-31 15:14:52 --> Session: Class initialized using 'CodeIgniter\Session\Handlers\FileHandler' driver.
INFO - 2023-01-31 15:15:00 --> CSRF token verified.
INFO - 2023-01-31 15:17:11 --> Session: Class initialized using 'CodeIgniter\Session\Handlers\FileHandler' driver.
INFO - 2023-01-31 15:17:15 --> CSRF token verified.
ERROR - 2023-01-31 15:17:15 --> mysqli_sql_exception: Duplicate entry 'qfjewnfjenwfjkewfnkjenfjkwf' for key 'slug' in C:\Users\ByBlackDeath\Documents\Caparrella_DAW2\MP07\Codeigniter\DAWBlogger\vendor\codeigniter4\framework\system\Database\MySQLi\Connection.php:295
Stack trace:
#0 C:\Users\ByBlackDeath\Documents\Caparrella_DAW2\MP07\Codeigniter\DAWBlogger\vendor\codeigniter4\framework\system\Database\MySQLi\Connection.php(295): mysqli->query('INSERT INTO `ne...', 0)
#1 C:\Users\ByBlackDeath\Documents\Caparrella_DAW2\MP07\Codeigniter\DAWBlogger\vendor\codeigniter4\framework\system\Database\BaseConnection.php(691): CodeIgniter\Database\MySQLi\Connection->execute('INSERT INTO `ne...')
#2 C:\Users\ByBlackDeath\Documents\Caparrella_DAW2\MP07\Codeigniter\DAWBlogger\vendor\codeigniter4\framework\system\Database\BaseConnection.php(605): CodeIgniter\Database\BaseConnection->simpleQuery('INSERT INTO `ne...')
#3 C:\Users\ByBlackDeath\Documents\Caparrella_DAW2\MP07\Codeigniter\DAWBlogger\vendor\codeigniter4\framework\system\Database\BaseBuilder.php(2295): CodeIgniter\Database\BaseConnection->query('INSERT INTO `ne...', Array, false)
#4 C:\Users\ByBlackDeath\Documents\Caparrella_DAW2\MP07\Codeigniter\DAWBlogger\vendor\codeigniter4\framework\system\Model.php(329): CodeIgniter\Database\BaseBuilder->insert()
#5 C:\Users\ByBlackDeath\Documents\Caparrella_DAW2\MP07\Codeigniter\DAWBlogger\vendor\codeigniter4\framework\system\BaseModel.php(782): CodeIgniter\Model->doInsert(Array)
#6 C:\Users\ByBlackDeath\Documents\Caparrella_DAW2\MP07\Codeigniter\DAWBlogger\vendor\codeigniter4\framework\system\Model.php(729): CodeIgniter\BaseModel->insert(Array, false)
#7 C:\Users\ByBlackDeath\Documents\Caparrella_DAW2\MP07\Codeigniter\DAWBlogger\vendor\codeigniter4\framework\system\BaseModel.php(692): CodeIgniter\Model->insert(Array, false)
#8 C:\Users\ByBlackDeath\Documents\Caparrella_DAW2\MP07\Codeigniter\DAWBlogger\app\Controllers\NewsController.php(69): CodeIgniter\BaseModel->save(Array)
#9 C:\Users\ByBlackDeath\Documents\Caparrella_DAW2\MP07\Codeigniter\DAWBlogger\vendor\codeigniter4\framework\system\CodeIgniter.php(934): App\Controllers\NewsController->create()
#10 C:\Users\ByBlackDeath\Documents\Caparrella_DAW2\MP07\Codeigniter\DAWBlogger\vendor\codeigniter4\framework\system\CodeIgniter.php(499): CodeIgniter\CodeIgniter->runController(Object(App\Controllers\NewsController))
#11 C:\Users\ByBlackDeath\Documents\Caparrella_DAW2\MP07\Codeigniter\DAWBlogger\vendor\codeigniter4\framework\system\CodeIgniter.php(368): CodeIgniter\CodeIgniter->handleRequest(NULL, Object(Config\Cache), false)
#12 C:\Users\ByBlackDeath\Documents\Caparrella_DAW2\MP07\Codeigniter\DAWBlogger\public\index.php(67): CodeIgniter\CodeIgniter->run()
#13 C:\Users\ByBlackDeath\Documents\Caparrella_DAW2\MP07\Codeigniter\DAWBlogger\vendor\codeigniter4\framework\system\Commands\Server\rewrite.php(47): require_once('C:\\Users\\ByBlac...')
#14 {main}
CRITICAL - 2023-01-31 15:17:15 --> Duplicate entry 'qfjewnfjenwfjkewfnkjenfjkwf' for key 'slug'
in SYSTEMPATH\Database\BaseConnection.php on line 645.
 1 SYSTEMPATH\Database\BaseBuilder.php(2295): CodeIgniter\Database\BaseConnection->query('INSERT INTO `news` (`title`, `slug`, `body`, `published_at`, `updated_at`) VALUES (:title:, :slug:, :body:, :published_at:, :updated_at:)', [...], false)
 2 SYSTEMPATH\Model.php(329): CodeIgniter\Database\BaseBuilder->insert()
 3 SYSTEMPATH\BaseModel.php(782): CodeIgniter\Model->doInsert([...])
 4 SYSTEMPATH\Model.php(729): CodeIgniter\BaseModel->insert([...], false)
 5 SYSTEMPATH\BaseModel.php(692): CodeIgniter\Model->insert([...], false)
 6 APPPATH\Controllers\NewsController.php(69): CodeIgniter\BaseModel->save([...])
 7 SYSTEMPATH\CodeIgniter.php(934): App\Controllers\NewsController->create()
 8 SYSTEMPATH\CodeIgniter.php(499): CodeIgniter\CodeIgniter->runController(Object(App\Controllers\NewsController))
 9 SYSTEMPATH\CodeIgniter.php(368): CodeIgniter\CodeIgniter->handleRequest(null, Object(Config\Cache), false)
10 FCPATH\index.php(67): CodeIgniter\CodeIgniter->run()
11 SYSTEMPATH\Commands\Server\rewrite.php(47): require_once('FCPATH\\index.php')
INFO - 2023-01-31 15:17:26 --> Session: Class initialized using 'CodeIgniter\Session\Handlers\FileHandler' driver.
INFO - 2023-01-31 15:17:29 --> CSRF token verified.
INFO - 2023-01-31 15:20:14 --> Session: Class initialized using 'CodeIgniter\Session\Handlers\FileHandler' driver.
INFO - 2023-01-31 15:20:24 --> Session: Class initialized using 'CodeIgniter\Session\Handlers\FileHandler' driver.
INFO - 2023-01-31 15:20:35 --> CSRF token verified.
CRITICAL - 2023-01-31 15:21:58 --> The action you requested is not allowed.
in SYSTEMPATH\Security\Security.php on line 306.
 1 SYSTEMPATH\Security\Security.php(306): CodeIgniter\Security\Exceptions\SecurityException::forDisallowedAction()
 2 SYSTEMPATH\Filters\CSRF.php(55): CodeIgniter\Security\Security->verify(Object(CodeIgniter\HTTP\IncomingRequest))
 3 SYSTEMPATH\Filters\Filters.php(173): CodeIgniter\Filters\CSRF->before(Object(CodeIgniter\HTTP\IncomingRequest), null)
 4 SYSTEMPATH\CodeIgniter.php(473): CodeIgniter\Filters\Filters->run('news/create', 'before')
 5 SYSTEMPATH\CodeIgniter.php(368): CodeIgniter\CodeIgniter->handleRequest(null, Object(Config\Cache), false)
 6 FCPATH\index.php(67): CodeIgniter\CodeIgniter->run()
 7 SYSTEMPATH\Commands\Server\rewrite.php(47): require_once('FCPATH\\index.php')
CRITICAL - 2023-01-31 15:22:00 --> The action you requested is not allowed.
in SYSTEMPATH\Security\Security.php on line 306.
 1 SYSTEMPATH\Security\Security.php(306): CodeIgniter\Security\Exceptions\SecurityException::forDisallowedAction()
 2 SYSTEMPATH\Filters\CSRF.php(55): CodeIgniter\Security\Security->verify(Object(CodeIgniter\HTTP\IncomingRequest))
 3 SYSTEMPATH\Filters\Filters.php(173): CodeIgniter\Filters\CSRF->before(Object(CodeIgniter\HTTP\IncomingRequest), null)
 4 SYSTEMPATH\CodeIgniter.php(473): CodeIgniter\Filters\Filters->run('news/create', 'before')
 5 SYSTEMPATH\CodeIgniter.php(368): CodeIgniter\CodeIgniter->handleRequest(null, Object(Config\Cache), false)
 6 FCPATH\index.php(67): CodeIgniter\CodeIgniter->run()
 7 SYSTEMPATH\Commands\Server\rewrite.php(47): require_once('FCPATH\\index.php')
INFO - 2023-01-31 15:22:01 --> Session: Class initialized using 'CodeIgniter\Session\Handlers\FileHandler' driver.
INFO - 2023-01-31 15:22:13 --> Session: Class initialized using 'CodeIgniter\Session\Handlers\FileHandler' driver.
INFO - 2023-01-31 15:22:25 --> CSRF token verified.
CRITICAL - 2023-01-31 15:28:13 --> The action you requested is not allowed.
in SYSTEMPATH\Security\Security.php on line 306.
 1 SYSTEMPATH\Security\Security.php(306): CodeIgniter\Security\Exceptions\SecurityException::forDisallowedAction()
 2 SYSTEMPATH\Filters\CSRF.php(55): CodeIgniter\Security\Security->verify(Object(CodeIgniter\HTTP\IncomingRequest))
 3 SYSTEMPATH\Filters\Filters.php(173): CodeIgniter\Filters\CSRF->before(Object(CodeIgniter\HTTP\IncomingRequest), null)
 4 SYSTEMPATH\CodeIgniter.php(473): CodeIgniter\Filters\Filters->run('news/create', 'before')
 5 SYSTEMPATH\CodeIgniter.php(368): CodeIgniter\CodeIgniter->handleRequest(null, Object(Config\Cache), false)
 6 FCPATH\index.php(67): CodeIgniter\CodeIgniter->run()
 7 SYSTEMPATH\Commands\Server\rewrite.php(47): require_once('FCPATH\\index.php')
INFO - 2023-01-31 15:28:15 --> Session: Class initialized using 'CodeIgniter\Session\Handlers\FileHandler' driver.
INFO - 2023-01-31 15:28:28 --> CSRF token verified.
INFO - 2023-01-31 15:28:28 --> Session: Class initialized using 'CodeIgniter\Session\Handlers\FileHandler' driver.
CRITICAL - 2023-01-31 15:29:17 --> The action you requested is not allowed.
in SYSTEMPATH\Security\Security.php on line 306.
 1 SYSTEMPATH\Security\Security.php(306): CodeIgniter\Security\Exceptions\SecurityException::forDisallowedAction()
 2 SYSTEMPATH\Filters\CSRF.php(55): CodeIgniter\Security\Security->verify(Object(CodeIgniter\HTTP\IncomingRequest))
 3 SYSTEMPATH\Filters\Filters.php(173): CodeIgniter\Filters\CSRF->before(Object(CodeIgniter\HTTP\IncomingRequest), null)
 4 SYSTEMPATH\CodeIgniter.php(473): CodeIgniter\Filters\Filters->run('news/create', 'before')
 5 SYSTEMPATH\CodeIgniter.php(368): CodeIgniter\CodeIgniter->handleRequest(null, Object(Config\Cache), false)
 6 FCPATH\index.php(67): CodeIgniter\CodeIgniter->run()
 7 SYSTEMPATH\Commands\Server\rewrite.php(47): require_once('FCPATH\\index.php')
INFO - 2023-01-31 15:29:19 --> Session: Class initialized using 'CodeIgniter\Session\Handlers\FileHandler' driver.
INFO - 2023-01-31 15:29:29 --> CSRF token verified.
INFO - 2023-01-31 15:29:29 --> Session: Class initialized using 'CodeIgniter\Session\Handlers\FileHandler' driver.
INFO - 2023-01-31 15:29:41 --> Session: Class initialized using 'CodeIgniter\Session\Handlers\FileHandler' driver.
INFO - 2023-01-31 15:30:03 --> Session: Class initialized using 'CodeIgniter\Session\Handlers\FileHandler' driver.
INFO - 2023-01-31 15:30:09 --> CSRF token verified.
INFO - 2023-01-31 15:30:09 --> Session: Class initialized using 'CodeIgniter\Session\Handlers\FileHandler' driver.
INFO - 2023-01-31 15:30:19 --> CSRF token verified.
INFO - 2023-01-31 15:30:19 --> Session: Class initialized using 'CodeIgniter\Session\Handlers\FileHandler' driver.
CRITICAL - 2023-01-31 16:58:40 --> Invalid file: "news/edit.php"
in SYSTEMPATH\Exceptions\FrameworkException.php on line 33.
 1 SYSTEMPATH\View\View.php(201): CodeIgniter\Exceptions\FrameworkException::forInvalidFile('news/edit.php')
 2 SYSTEMPATH\Common.php(1177): CodeIgniter\View\View->render('news/edit', [], true)
 3 APPPATH\Controllers\NewsController.php(89): view('news/edit', [...])
 4 SYSTEMPATH\CodeIgniter.php(934): App\Controllers\NewsController->edit('1', '1')
 5 SYSTEMPATH\CodeIgniter.php(499): CodeIgniter\CodeIgniter->runController(Object(App\Controllers\NewsController))
 6 SYSTEMPATH\CodeIgniter.php(368): CodeIgniter\CodeIgniter->handleRequest(null, Object(Config\Cache), false)
 7 FCPATH\index.php(67): CodeIgniter\CodeIgniter->run()
 8 SYSTEMPATH\Commands\Server\rewrite.php(47): require_once('FCPATH\\index.php')
INFO - 2023-01-31 16:59:16 --> Session: Class initialized using 'CodeIgniter\Session\Handlers\FileHandler' driver.
INFO - 2023-01-31 17:01:17 --> Session: Class initialized using 'CodeIgniter\Session\Handlers\FileHandler' driver.
CRITICAL - 2023-01-31 17:01:48 --> syntax error, unexpected token ";"
in APPPATH\Views\news\edit.php on line 3.
 1 SYSTEMPATH\View\View.php(216): CodeIgniter\View\View->CodeIgniter\View\{closure}()
 2 SYSTEMPATH\Common.php(1177): CodeIgniter\View\View->render('news/edit', [], true)
 3 APPPATH\Controllers\NewsController.php(89): view('news/edit', [...])
 4 SYSTEMPATH\CodeIgniter.php(934): App\Controllers\NewsController->edit('1', '1')
 5 SYSTEMPATH\CodeIgniter.php(499): CodeIgniter\CodeIgniter->runController(Object(App\Controllers\NewsController))
 6 SYSTEMPATH\CodeIgniter.php(368): CodeIgniter\CodeIgniter->handleRequest(null, Object(Config\Cache), false)
 7 FCPATH\index.php(67): CodeIgniter\CodeIgniter->run()
 8 SYSTEMPATH\Commands\Server\rewrite.php(47): require_once('FCPATH\\index.php')
INFO - 2023-01-31 17:01:50 --> Session: Class initialized using 'CodeIgniter\Session\Handlers\FileHandler' driver.
INFO - 2023-01-31 17:08:48 --> Session: Class initialized using 'CodeIgniter\Session\Handlers\FileHandler' driver.
INFO - 2023-01-31 17:10:30 --> Session: Class initialized using 'CodeIgniter\Session\Handlers\FileHandler' driver.
INFO - 2023-01-31 17:11:07 --> Session: Class initialized using 'CodeIgniter\Session\Handlers\FileHandler' driver.
INFO - 2023-01-31 17:11:14 --> Session: Class initialized using 'CodeIgniter\Session\Handlers\FileHandler' driver.
INFO - 2023-01-31 17:11:50 --> Session: Class initialized using 'CodeIgniter\Session\Handlers\FileHandler' driver.
INFO - 2023-01-31 17:12:00 --> Session: Class initialized using 'CodeIgniter\Session\Handlers\FileHandler' driver.
INFO - 2023-01-31 17:12:59 --> Session: Class initialized using 'CodeIgniter\Session\Handlers\FileHandler' driver.
INFO - 2023-01-31 17:13:07 --> Session: Class initialized using 'CodeIgniter\Session\Handlers\FileHandler' driver.
INFO - 2023-01-31 17:20:00 --> Session: Class initialized using 'CodeIgniter\Session\Handlers\FileHandler' driver.
INFO - 2023-01-31 17:20:53 --> Session: Class initialized using 'CodeIgniter\Session\Handlers\FileHandler' driver.
INFO - 2023-01-31 17:28:23 --> CSRF token verified.
INFO - 2023-01-31 17:28:23 --> Session: Class initialized using 'CodeIgniter\Session\Handlers\FileHandler' driver.
CRITICAL - 2023-01-31 17:28:23 --> Undefined variable $news
in APPPATH\Views\news\edit.php on line 6.
 1 APPPATH\Views\news\edit.php(6): CodeIgniter\Debug\Exceptions->errorHandler(2, 'Undefined variable $news', 'APPPATH\\Views\\news\\edit.php', 6)
 2 SYSTEMPATH\View\View.php(213): include('APPPATH\\Views\\news\\edit.php')
 3 SYSTEMPATH\View\View.php(216): CodeIgniter\View\View->CodeIgniter\View\{closure}()
 4 SYSTEMPATH\Common.php(1177): CodeIgniter\View\View->render('news/edit', [], true)
 5 APPPATH\Controllers\NewsController.php(107): view('news/edit')
 6 SYSTEMPATH\CodeIgniter.php(934): App\Controllers\NewsController->edit()
 7 SYSTEMPATH\CodeIgniter.php(499): CodeIgniter\CodeIgniter->runController(Object(App\Controllers\NewsController))
 8 SYSTEMPATH\CodeIgniter.php(368): CodeIgniter\CodeIgniter->handleRequest(null, Object(Config\Cache), false)
 9 FCPATH\index.php(67): CodeIgniter\CodeIgniter->run()
10 SYSTEMPATH\Commands\Server\rewrite.php(47): require_once('FCPATH\\index.php')
INFO - 2023-01-31 17:28:37 --> CSRF token verified.
INFO - 2023-01-31 17:28:37 --> Session: Class initialized using 'CodeIgniter\Session\Handlers\FileHandler' driver.
CRITICAL - 2023-01-31 17:28:37 --> Undefined variable $news
in APPPATH\Views\news\edit.php on line 11.
 1 APPPATH\Views\news\edit.php(11): CodeIgniter\Debug\Exceptions->errorHandler(2, 'Undefined variable $news', 'APPPATH\\Views\\news\\edit.php', 11)
 2 SYSTEMPATH\View\View.php(213): include('APPPATH\\Views\\news\\edit.php')
 3 SYSTEMPATH\View\View.php(216): CodeIgniter\View\View->CodeIgniter\View\{closure}()
 4 SYSTEMPATH\Common.php(1177): CodeIgniter\View\View->render('news/edit', [], true)
 5 APPPATH\Controllers\NewsController.php(107): view('news/edit')
 6 SYSTEMPATH\CodeIgniter.php(934): App\Controllers\NewsController->edit()
 7 SYSTEMPATH\CodeIgniter.php(499): CodeIgniter\CodeIgniter->runController(Object(App\Controllers\NewsController))
 8 SYSTEMPATH\CodeIgniter.php(368): CodeIgniter\CodeIgniter->handleRequest(null, Object(Config\Cache), false)
 9 FCPATH\index.php(67): CodeIgniter\CodeIgniter->run()
10 SYSTEMPATH\Commands\Server\rewrite.php(47): require_once('FCPATH\\index.php')
INFO - 2023-01-31 17:28:40 --> CSRF token verified.
INFO - 2023-01-31 17:28:40 --> Session: Class initialized using 'CodeIgniter\Session\Handlers\FileHandler' driver.
CRITICAL - 2023-01-31 17:28:40 --> Undefined variable $news
in APPPATH\Views\news\edit.php on line 11.
 1 APPPATH\Views\news\edit.php(11): CodeIgniter\Debug\Exceptions->errorHandler(2, 'Undefined variable $news', 'APPPATH\\Views\\news\\edit.php', 11)
 2 SYSTEMPATH\View\View.php(213): include('APPPATH\\Views\\news\\edit.php')
 3 SYSTEMPATH\View\View.php(216): CodeIgniter\View\View->CodeIgniter\View\{closure}()
 4 SYSTEMPATH\Common.php(1177): CodeIgniter\View\View->render('news/edit', [], true)
 5 APPPATH\Controllers\NewsController.php(107): view('news/edit')
 6 SYSTEMPATH\CodeIgniter.php(934): App\Controllers\NewsController->edit()
 7 SYSTEMPATH\CodeIgniter.php(499): CodeIgniter\CodeIgniter->runController(Object(App\Controllers\NewsController))
 8 SYSTEMPATH\CodeIgniter.php(368): CodeIgniter\CodeIgniter->handleRequest(null, Object(Config\Cache), false)
 9 FCPATH\index.php(67): CodeIgniter\CodeIgniter->run()
10 SYSTEMPATH\Commands\Server\rewrite.php(47): require_once('FCPATH\\index.php')
INFO - 2023-01-31 17:28:42 --> Session: Class initialized using 'CodeIgniter\Session\Handlers\FileHandler' driver.
INFO - 2023-01-31 17:28:47 --> Session: Class initialized using 'CodeIgniter\Session\Handlers\FileHandler' driver.
INFO - 2023-01-31 17:28:51 --> CSRF token verified.
INFO - 2023-01-31 17:28:51 --> Session: Class initialized using 'CodeIgniter\Session\Handlers\FileHandler' driver.
CRITICAL - 2023-01-31 17:28:51 --> Undefined variable $news
in APPPATH\Views\news\edit.php on line 11.
 1 APPPATH\Views\news\edit.php(11): CodeIgniter\Debug\Exceptions->errorHandler(2, 'Undefined variable $news', 'APPPATH\\Views\\news\\edit.php', 11)
 2 SYSTEMPATH\View\View.php(213): include('APPPATH\\Views\\news\\edit.php')
 3 SYSTEMPATH\View\View.php(216): CodeIgniter\View\View->CodeIgniter\View\{closure}()
 4 SYSTEMPATH\Common.php(1177): CodeIgniter\View\View->render('news/edit', [], true)
 5 APPPATH\Controllers\NewsController.php(107): view('news/edit')
 6 SYSTEMPATH\CodeIgniter.php(934): App\Controllers\NewsController->edit()
 7 SYSTEMPATH\CodeIgniter.php(499): CodeIgniter\CodeIgniter->runController(Object(App\Controllers\NewsController))
 8 SYSTEMPATH\CodeIgniter.php(368): CodeIgniter\CodeIgniter->handleRequest(null, Object(Config\Cache), false)
 9 FCPATH\index.php(67): CodeIgniter\CodeIgniter->run()
10 SYSTEMPATH\Commands\Server\rewrite.php(47): require_once('FCPATH\\index.php')
INFO - 2023-01-31 17:29:37 --> CSRF token verified.
CRITICAL - 2023-01-31 17:29:38 --> Too few arguments to function App\Controllers\NewsController::edit(), 0 passed in C:\Users\ByBlackDeath\Documents\Caparrella_DAW2\MP07\Codeigniter\DAWBlogger\vendor\codeigniter4\framework\system\CodeIgniter.php on line 934 and exactly 1 expected
in APPPATH\Controllers\NewsController.php on line 77.
 1 SYSTEMPATH\CodeIgniter.php(934): App\Controllers\NewsController->edit()
 2 SYSTEMPATH\CodeIgniter.php(499): CodeIgniter\CodeIgniter->runController(Object(App\Controllers\NewsController))
 3 SYSTEMPATH\CodeIgniter.php(368): CodeIgniter\CodeIgniter->handleRequest(null, Object(Config\Cache), false)
 4 FCPATH\index.php(67): CodeIgniter\CodeIgniter->run()
 5 SYSTEMPATH\Commands\Server\rewrite.php(47): require_once('FCPATH\\index.php')
INFO - 2023-01-31 17:29:39 --> CSRF token verified.
CRITICAL - 2023-01-31 17:29:39 --> Too few arguments to function App\Controllers\NewsController::edit(), 0 passed in C:\Users\ByBlackDeath\Documents\Caparrella_DAW2\MP07\Codeigniter\DAWBlogger\vendor\codeigniter4\framework\system\CodeIgniter.php on line 934 and exactly 1 expected
in APPPATH\Controllers\NewsController.php on line 77.
 1 SYSTEMPATH\CodeIgniter.php(934): App\Controllers\NewsController->edit()
 2 SYSTEMPATH\CodeIgniter.php(499): CodeIgniter\CodeIgniter->runController(Object(App\Controllers\NewsController))
 3 SYSTEMPATH\CodeIgniter.php(368): CodeIgniter\CodeIgniter->handleRequest(null, Object(Config\Cache), false)
 4 FCPATH\index.php(67): CodeIgniter\CodeIgniter->run()
 5 SYSTEMPATH\Commands\Server\rewrite.php(47): require_once('FCPATH\\index.php')
INFO - 2023-01-31 17:29:49 --> Session: Class initialized using 'CodeIgniter\Session\Handlers\FileHandler' driver.
INFO - 2023-01-31 17:29:54 --> CSRF token verified.
CRITICAL - 2023-01-31 17:29:54 --> Too few arguments to function App\Controllers\NewsController::edit(), 0 passed in C:\Users\ByBlackDeath\Documents\Caparrella_DAW2\MP07\Codeigniter\DAWBlogger\vendor\codeigniter4\framework\system\CodeIgniter.php on line 934 and exactly 1 expected
in APPPATH\Controllers\NewsController.php on line 77.
 1 SYSTEMPATH\CodeIgniter.php(934): App\Controllers\NewsController->edit()
 2 SYSTEMPATH\CodeIgniter.php(499): CodeIgniter\CodeIgniter->runController(Object(App\Controllers\NewsController))
 3 SYSTEMPATH\CodeIgniter.php(368): CodeIgniter\CodeIgniter->handleRequest(null, Object(Config\Cache), false)
 4 FCPATH\index.php(67): CodeIgniter\CodeIgniter->run()
 5 SYSTEMPATH\Commands\Server\rewrite.php(47): require_once('FCPATH\\index.php')
INFO - 2023-01-31 17:30:44 --> CSRF token verified.
CRITICAL - 2023-01-31 17:30:44 --> Too few arguments to function App\Controllers\NewsController::edit(), 0 passed in C:\Users\ByBlackDeath\Documents\Caparrella_DAW2\MP07\Codeigniter\DAWBlogger\vendor\codeigniter4\framework\system\CodeIgniter.php on line 934 and exactly 1 expected
in APPPATH\Controllers\NewsController.php on line 77.
 1 SYSTEMPATH\CodeIgniter.php(934): App\Controllers\NewsController->edit()
 2 SYSTEMPATH\CodeIgniter.php(499): CodeIgniter\CodeIgniter->runController(Object(App\Controllers\NewsController))
 3 SYSTEMPATH\CodeIgniter.php(368): CodeIgniter\CodeIgniter->handleRequest(null, Object(Config\Cache), false)
 4 FCPATH\index.php(67): CodeIgniter\CodeIgniter->run()
 5 SYSTEMPATH\Commands\Server\rewrite.php(47): require_once('FCPATH\\index.php')
INFO - 2023-01-31 17:30:46 --> Session: Class initialized using 'CodeIgniter\Session\Handlers\FileHandler' driver.
INFO - 2023-01-31 17:31:14 --> CSRF token verified.
INFO - 2023-01-31 17:31:14 --> Session: Class initialized using 'CodeIgniter\Session\Handlers\FileHandler' driver.
CRITICAL - 2023-01-31 17:31:14 --> Undefined variable $news
in APPPATH\Views\news\edit.php on line 6.
 1 APPPATH\Views\news\edit.php(6): CodeIgniter\Debug\Exceptions->errorHandler(2, 'Undefined variable $news', 'APPPATH\\Views\\news\\edit.php', 6)
 2 SYSTEMPATH\View\View.php(213): include('APPPATH\\Views\\news\\edit.php')
 3 SYSTEMPATH\View\View.php(216): CodeIgniter\View\View->CodeIgniter\View\{closure}()
 4 SYSTEMPATH\Common.php(1177): CodeIgniter\View\View->render('news/edit', [], true)
 5 APPPATH\Controllers\NewsController.php(112): view('news/edit')
 6 SYSTEMPATH\CodeIgniter.php(934): App\Controllers\NewsController->edit('1', '1')
 7 SYSTEMPATH\CodeIgniter.php(499): CodeIgniter\CodeIgniter->runController(Object(App\Controllers\NewsController))
 8 SYSTEMPATH\CodeIgniter.php(368): CodeIgniter\CodeIgniter->handleRequest(null, Object(Config\Cache), false)
 9 FCPATH\index.php(67): CodeIgniter\CodeIgniter->run()
10 SYSTEMPATH\Commands\Server\rewrite.php(47): require_once('FCPATH\\index.php')
INFO - 2023-01-31 17:31:17 --> Session: Class initialized using 'CodeIgniter\Session\Handlers\FileHandler' driver.
INFO - 2023-01-31 17:31:21 --> CSRF token verified.
INFO - 2023-01-31 17:31:21 --> Session: Class initialized using 'CodeIgniter\Session\Handlers\FileHandler' driver.
CRITICAL - 2023-01-31 17:31:21 --> Undefined variable $news
in APPPATH\Views\news\edit.php on line 6.
 1 APPPATH\Views\news\edit.php(6): CodeIgniter\Debug\Exceptions->errorHandler(2, 'Undefined variable $news', 'APPPATH\\Views\\news\\edit.php', 6)
 2 SYSTEMPATH\View\View.php(213): include('APPPATH\\Views\\news\\edit.php')
 3 SYSTEMPATH\View\View.php(216): CodeIgniter\View\View->CodeIgniter\View\{closure}()
 4 SYSTEMPATH\Common.php(1177): CodeIgniter\View\View->render('news/edit', [], true)
 5 APPPATH\Controllers\NewsController.php(112): view('news/edit')
 6 SYSTEMPATH\CodeIgniter.php(934): App\Controllers\NewsController->edit('1', '1')
 7 SYSTEMPATH\CodeIgniter.php(499): CodeIgniter\CodeIgniter->runController(Object(App\Controllers\NewsController))
 8 SYSTEMPATH\CodeIgniter.php(368): CodeIgniter\CodeIgniter->handleRequest(null, Object(Config\Cache), false)
 9 FCPATH\index.php(67): CodeIgniter\CodeIgniter->run()
10 SYSTEMPATH\Commands\Server\rewrite.php(47): require_once('FCPATH\\index.php')
INFO - 2023-01-31 17:32:13 --> Session: Class initialized using 'CodeIgniter\Session\Handlers\FileHandler' driver.
INFO - 2023-01-31 17:32:18 --> CSRF token verified.
CRITICAL - 2023-01-31 17:32:18 --> Too few arguments to function App\Controllers\NewsController::edit(), 0 passed in C:\Users\ByBlackDeath\Documents\Caparrella_DAW2\MP07\Codeigniter\DAWBlogger\vendor\codeigniter4\framework\system\CodeIgniter.php on line 934 and exactly 1 expected
in APPPATH\Controllers\NewsController.php on line 77.
 1 SYSTEMPATH\CodeIgniter.php(934): App\Controllers\NewsController->edit()
 2 SYSTEMPATH\CodeIgniter.php(499): CodeIgniter\CodeIgniter->runController(Object(App\Controllers\NewsController))
 3 SYSTEMPATH\CodeIgniter.php(368): CodeIgniter\CodeIgniter->handleRequest(null, Object(Config\Cache), false)
 4 FCPATH\index.php(67): CodeIgniter\CodeIgniter->run()
 5 SYSTEMPATH\Commands\Server\rewrite.php(47): require_once('FCPATH\\index.php')
INFO - 2023-01-31 17:32:27 --> CSRF token verified.
CRITICAL - 2023-01-31 17:32:27 --> Too few arguments to function App\Controllers\NewsController::edit(), 0 passed in C:\Users\ByBlackDeath\Documents\Caparrella_DAW2\MP07\Codeigniter\DAWBlogger\vendor\codeigniter4\framework\system\CodeIgniter.php on line 934 and exactly 1 expected
in APPPATH\Controllers\NewsController.php on line 77.
 1 SYSTEMPATH\CodeIgniter.php(934): App\Controllers\NewsController->edit()
 2 SYSTEMPATH\CodeIgniter.php(499): CodeIgniter\CodeIgniter->runController(Object(App\Controllers\NewsController))
 3 SYSTEMPATH\CodeIgniter.php(368): CodeIgniter\CodeIgniter->handleRequest(null, Object(Config\Cache), false)
 4 FCPATH\index.php(67): CodeIgniter\CodeIgniter->run()
 5 SYSTEMPATH\Commands\Server\rewrite.php(47): require_once('FCPATH\\index.php')
INFO - 2023-01-31 17:32:29 --> Session: Class initialized using 'CodeIgniter\Session\Handlers\FileHandler' driver.
INFO - 2023-01-31 17:32:33 --> CSRF token verified.
INFO - 2023-01-31 17:32:33 --> Session: Class initialized using 'CodeIgniter\Session\Handlers\FileHandler' driver.
CRITICAL - 2023-01-31 17:32:33 --> Undefined variable $news
in APPPATH\Views\news\edit.php on line 9.
 1 APPPATH\Views\news\edit.php(9): CodeIgniter\Debug\Exceptions->errorHandler(2, 'Undefined variable $news', 'APPPATH\\Views\\news\\edit.php', 9)
 2 SYSTEMPATH\View\View.php(213): include('APPPATH\\Views\\news\\edit.php')
 3 SYSTEMPATH\View\View.php(216): CodeIgniter\View\View->CodeIgniter\View\{closure}()
 4 SYSTEMPATH\Common.php(1177): CodeIgniter\View\View->render('news/edit', [], true)
 5 APPPATH\Controllers\NewsController.php(112): view('news/edit')
 6 SYSTEMPATH\CodeIgniter.php(934): App\Controllers\NewsController->edit()
 7 SYSTEMPATH\CodeIgniter.php(499): CodeIgniter\CodeIgniter->runController(Object(App\Controllers\NewsController))
 8 SYSTEMPATH\CodeIgniter.php(368): CodeIgniter\CodeIgniter->handleRequest(null, Object(Config\Cache), false)
 9 FCPATH\index.php(67): CodeIgniter\CodeIgniter->run()
10 SYSTEMPATH\Commands\Server\rewrite.php(47): require_once('FCPATH\\index.php')
INFO - 2023-01-31 17:33:17 --> Session: Class initialized using 'CodeIgniter\Session\Handlers\FileHandler' driver.
INFO - 2023-01-31 17:34:14 --> CSRF token verified.
INFO - 2023-01-31 17:34:15 --> Session: Class initialized using 'CodeIgniter\Session\Handlers\FileHandler' driver.
INFO - 2023-01-31 17:36:23 --> Session: Class initialized using 'CodeIgniter\Session\Handlers\FileHandler' driver.
INFO - 2023-01-31 17:37:47 --> Session: Class initialized using 'CodeIgniter\Session\Handlers\FileHandler' driver.
INFO - 2023-01-31 17:41:06 --> Session: Class initialized using 'CodeIgniter\Session\Handlers\FileHandler' driver.
INFO - 2023-01-31 17:41:17 --> CSRF token verified.
INFO - 2023-01-31 17:41:17 --> Session: Class initialized using 'CodeIgniter\Session\Handlers\FileHandler' driver.
INFO - 2023-01-31 17:41:31 --> Session: Class initialized using 'CodeIgniter\Session\Handlers\FileHandler' driver.
